{"level":"info","message":"Auth service running on undefined","timestamp":"2025-07-11T08:51:29.630Z"}
{"level":"info","message":"Auth service running on undefined","timestamp":"2025-07-11T08:51:50.902Z"}
{"level":"info","message":"Auth service running on 5000","timestamp":"2025-07-11T08:52:14.321Z"}
{"level":"info","message":"Auth service running on 5000","timestamp":"2025-07-11T08:52:40.669Z"}
{"level":"info","message":"Auth service running on 5000","timestamp":"2025-07-11T10:58:38.429Z"}
{"level":"info","message":"Auth service running on 5000","timestamp":"2025-07-11T10:59:17.635Z"}
{"level":"info","message":"Auth service running on 5000","timestamp":"2025-07-11T11:00:00.662Z"}
{"level":"info","message":"Auth service running on 5000","timestamp":"2025-07-11T11:00:10.242Z"}
{"level":"info","message":"Auth service running on 5000","timestamp":"2025-07-11T11:00:14.400Z"}
{"level":"info","message":"Auth service running on 5000","timestamp":"2025-07-11T11:00:38.943Z"}
{"level":"info","message":"Auth service running on 5000","timestamp":"2025-07-11T11:00:43.548Z"}
{"level":"info","message":"Auth service running on 5000","timestamp":"2025-07-11T11:01:03.286Z"}
{"level":"info","message":"Auth service running on 5000","timestamp":"2025-07-11T11:01:14.972Z"}
{"level":"info","message":"Auth service running on 5000","timestamp":"2025-07-11T11:02:14.087Z"}
{"level":"info","message":"Auth service running on 5000","timestamp":"2025-07-11T11:02:28.854Z"}
{"level":"info","message":"Auth service running on 5000","timestamp":"2025-07-11T11:03:37.396Z"}
{"level":"info","message":"Auth service running on 5000","timestamp":"2025-07-11T11:03:58.998Z"}
{"level":"info","message":"Auth service running on 5000","timestamp":"2025-07-11T11:04:19.109Z"}
{"level":"info","message":"Auth service running on 5000","timestamp":"2025-07-11T11:04:29.062Z"}
{"level":"info","message":"Auth service running on 5000","timestamp":"2025-07-11T11:04:31.517Z"}
{"level":"info","message":"Auth service running on 5000","timestamp":"2025-07-11T11:04:46.632Z"}
{"level":"info","message":"Auth-service GET request hit","timestamp":"2025-07-11T11:04:47.914Z"}
{"level":"info","message":"Auth service running on 5000","timestamp":"2025-07-11T11:05:23.444Z"}
{"level":"info","message":"Auth service running on 5000","timestamp":"2025-07-11T11:05:27.505Z"}
{"level":"info","message":"Auth service running on 5000","timestamp":"2025-07-11T11:05:44.207Z"}
{"level":"info","message":"Auth service running on 5000","timestamp":"2025-07-11T11:06:14.462Z"}
{"level":"info","message":"Auth service running on 5000","timestamp":"2025-07-11T11:06:46.260Z"}
{"level":"info","message":"Auth service running on 5000","timestamp":"2025-07-11T11:07:03.358Z"}
{"level":"info","message":"Auth service running on 5000","timestamp":"2025-07-11T11:07:27.157Z"}
{"level":"info","message":"Auth service running on 5000","timestamp":"2025-07-11T11:07:34.420Z"}
{"level":"info","message":"Auth service running on 5000","timestamp":"2025-07-11T11:07:53.933Z"}
{"level":"info","message":"Auth service running on 5000","timestamp":"2025-07-11T11:08:04.389Z"}
{"level":"info","message":"Auth service running on 5000","timestamp":"2025-07-11T11:08:08.434Z"}
{"level":"info","message":"Auth service running on 5000","timestamp":"2025-07-11T11:08:21.076Z"}
{"level":"info","message":"Auth service running on 5000","timestamp":"2025-07-11T11:08:28.152Z"}
{"level":"info","message":"Auth service running on 5000","timestamp":"2025-07-11T11:09:09.376Z"}
{"level":"info","message":"Auth service running on 5000","timestamp":"2025-07-11T11:09:12.713Z"}
{"level":"info","message":"Auth service running on 5000","timestamp":"2025-07-11T11:09:24.164Z"}
{"level":"info","message":"Auth service running on 5000","timestamp":"2025-07-11T11:09:35.185Z"}
{"level":"info","message":"Auth service running on 5000","timestamp":"2025-07-11T11:09:48.980Z"}
{"level":"info","message":"Auth service running on 5000","timestamp":"2025-07-11T11:11:20.424Z"}
{"level":"info","message":"Auth service running on 5000","timestamp":"2025-07-11T11:11:27.597Z"}
{"level":"info","message":"Auth service running on 5000","timestamp":"2025-07-11T11:11:53.487Z"}
{"level":"info","message":"Auth service running on 5000","timestamp":"2025-07-11T11:12:01.407Z"}
{"level":"info","message":"Auth service running on 5000","timestamp":"2025-07-11T11:12:05.320Z"}
{"level":"info","message":"Auth service running on 5000","timestamp":"2025-07-11T11:12:21.820Z"}
{"level":"info","message":"Auth service running on 5000","timestamp":"2025-07-11T11:12:35.848Z"}
{"level":"info","message":"Auth service running on 5000","timestamp":"2025-07-11T11:12:40.366Z"}
{"level":"info","message":"Auth service running on 5000","timestamp":"2025-07-11T11:12:49.187Z"}
{"level":"info","message":"Auth service running on 5000","timestamp":"2025-07-11T11:12:54.994Z"}
{"level":"info","message":"Auth service running on 5000","timestamp":"2025-07-11T11:13:02.103Z"}
{"level":"info","message":"Auth service running on 5000","timestamp":"2025-07-11T11:13:06.048Z"}
{"level":"info","message":"Auth service running on 5000","timestamp":"2025-07-12T11:04:12.978Z"}
{"level":"info","message":"Auth service running on 5000","timestamp":"2025-07-12T11:04:45.920Z"}
{"level":"info","message":"Auth-service GET request hit","timestamp":"2025-07-12T11:04:52.146Z"}
{"level":"info","message":"Auth service running on 5000","timestamp":"2025-07-12T11:05:52.850Z"}
{"level":"info","message":"Auth service running on 5000","timestamp":"2025-07-12T11:06:05.087Z"}
{"level":"info","message":"Auth service running on 5000","timestamp":"2025-07-12T17:39:27.077Z"}
{"level":"info","message":"Auth service running on 5000","timestamp":"2025-07-12T17:44:39.104Z"}
{"level":"info","message":"Auth service running on 5000","timestamp":"2025-07-12T17:45:11.305Z"}
{"level":"info","message":"Auth service running on 5000","timestamp":"2025-07-12T17:45:30.323Z"}
{"level":"info","message":"Auth service running on 5000","timestamp":"2025-07-12T17:45:37.738Z"}
{"level":"info","message":"Auth service running on 5000","timestamp":"2025-07-12T17:50:22.818Z"}
{"level":"info","message":"Auth service running on 5000","timestamp":"2025-07-12T17:51:27.744Z"}
{"level":"info","message":"Auth service running on 5000","timestamp":"2025-07-12T17:58:49.253Z"}
{"code":"EDNS","command":"CONN","errno":-3008,"hostname":"gmail","level":"error","message":"Error in sending OTP mail to user gagan.aws.ac@gmail.com getaddrinfo ENOTFOUND gmail","stack":"Error: getaddrinfo ENOTFOUND gmail\n    at GetAddrInfoReqWrap.onlookupall [as oncomplete] (node:dns:120:26)","syscall":"getaddrinfo","timestamp":"2025-07-12T17:58:58.992Z"}
{"level":"info","message":"Auth service running on 5000","timestamp":"2025-07-12T18:00:54.255Z"}
{"level":"info","message":"Auth service running on 5000","timestamp":"2025-07-12T18:00:57.874Z"}
{"code":"EDNS","command":"CONN","errno":-3008,"hostname":"gmail","level":"error","message":"Error in sending OTP mail to user gagan.aws.ac@gmail.com getaddrinfo ENOTFOUND gmail","stack":"Error: getaddrinfo ENOTFOUND gmail\n    at GetAddrInfoReqWrap.onlookupall [as oncomplete] (node:dns:120:26)","syscall":"getaddrinfo","timestamp":"2025-07-12T18:01:07.425Z"}
{"level":"info","message":"Auth service running on 5000","timestamp":"2025-07-12T18:07:07.051Z"}
{"level":"info","message":"Auth service running on 5000","timestamp":"2025-07-12T18:07:10.172Z"}
{"code":"EDNS","command":"CONN","errno":-3008,"hostname":"gmail","level":"error","message":"Error in sending OTP mail to user gagan.aws.ac@gmail.com getaddrinfo ENOTFOUND gmail","stack":"Error: getaddrinfo ENOTFOUND gmail\n    at GetAddrInfoReqWrap.onlookupall [as oncomplete] (node:dns:120:26)","syscall":"getaddrinfo","timestamp":"2025-07-12T18:07:20.567Z"}
{"level":"info","message":"Auth service running on 5000","timestamp":"2025-07-12T18:08:58.062Z"}
{"code":"EDNS","command":"CONN","errno":-3008,"hostname":"gmail","level":"error","message":"Error in sending OTP mail to user gagan.aws.ac@gmail.com getaddrinfo ENOTFOUND gmail","stack":"Error: getaddrinfo ENOTFOUND gmail\n    at GetAddrInfoReqWrap.onlookupall [as oncomplete] (node:dns:120:26)","syscall":"getaddrinfo","timestamp":"2025-07-12T18:09:09.409Z"}
{"level":"info","message":"Auth service running on 5000","timestamp":"2025-07-12T18:09:52.074Z"}
{"level":"info","message":"OTP senbt Successfully!","timestamp":"2025-07-12T18:09:59.315Z"}
{"level":"info","message":"Auth service running on 5000","timestamp":"2025-07-12T18:10:34.302Z"}
{"level":"info","message":"OTP senbt Successfully!","timestamp":"2025-07-12T18:10:44.732Z"}
{"level":"info","message":"Auth service running on 5000","timestamp":"2025-07-12T18:11:25.016Z"}
{"level":"info","message":"OTP senbt Successfully!","timestamp":"2025-07-12T18:11:35.406Z"}
{"level":"info","message":"OTP senbt Successfully!","timestamp":"2025-07-12T18:28:30.271Z"}
{"level":"info","message":"Auth service running on 5000","timestamp":"2025-07-12T18:33:34.840Z"}
{"level":"info","message":"OTP senbt Successfully!","timestamp":"2025-07-12T18:33:42.813Z"}
{"level":"info","message":"Auth service running on 5000","timestamp":"2025-07-12T18:34:20.179Z"}
{"level":"info","message":"OTP senbt Successfully!","timestamp":"2025-07-12T18:34:35.644Z"}
{"level":"info","message":"Auth service running on 5000","timestamp":"2025-07-12T18:35:55.322Z"}
{"level":"info","message":"OTP senbt Successfully!","timestamp":"2025-07-12T18:36:02.808Z"}
{"level":"info","message":"Auth service running on 5000","timestamp":"2025-07-12T18:36:46.662Z"}
{"level":"info","message":"Auth service running on 5000","timestamp":"2025-07-12T18:37:47.914Z"}
{"level":"info","message":"Auth service running on 5000","timestamp":"2025-07-12T18:37:55.573Z"}
{"level":"info","message":"Auth service running on 5000","timestamp":"2025-07-12T18:38:12.683Z"}
{"level":"info","message":"Auth service running on 5000","timestamp":"2025-07-13T07:54:55.139Z"}
{"level":"info","message":"OTP senbt Successfully!","timestamp":"2025-07-13T07:55:05.232Z"}
{"level":"info","message":"OTP senbt Successfully!","timestamp":"2025-07-13T07:55:58.971Z"}
{"level":"info","message":"Auth service running on 5000","timestamp":"2025-07-13T07:56:44.727Z"}
{"level":"info","message":"Auth service running on 5000","timestamp":"2025-07-13T07:56:48.918Z"}
{"level":"info","message":"Auth service running on 5000","timestamp":"2025-07-13T07:56:51.944Z"}
{"level":"info","message":"Auth service running on 5000","timestamp":"2025-07-13T07:59:17.483Z"}
{"level":"info","message":"Auth service running on 5000","timestamp":"2025-07-13T07:59:22.934Z"}
{"level":"info","message":"Auth service running on 5000","timestamp":"2025-07-13T07:59:28.164Z"}
{"level":"info","message":"OTP senbt Successfully!","timestamp":"2025-07-13T07:59:51.408Z"}
{"level":"info","message":"Auth service running on 5000","timestamp":"2025-07-13T08:00:56.602Z"}
{"level":"info","message":"Auth service running on 5000","timestamp":"2025-07-13T08:03:54.902Z"}
{"level":"info","message":"Auth service running on 5000","timestamp":"2025-07-13T08:04:05.828Z"}
{"level":"info","message":"Auth service running on 5000","timestamp":"2025-07-13T08:20:24.355Z"}
{"level":"info","message":"Auth service running on 5000","timestamp":"2025-07-13T08:21:45.321Z"}
{"level":"info","message":"OTP senbt Successfully!","timestamp":"2025-07-13T08:22:05.460Z"}
{"level":"info","message":"Auth service running on 5000","timestamp":"2025-07-13T08:39:22.034Z"}
{"level":"info","message":"Auth service running on 5000","timestamp":"2025-07-13T08:39:53.190Z"}
{"level":"info","message":"Auth service running on 5000","timestamp":"2025-07-13T08:40:06.582Z"}
{"level":"info","message":"Auth service running on 5000","timestamp":"2025-07-13T08:40:49.408Z"}
{"level":"info","message":"Auth service running on 5000","timestamp":"2025-07-13T08:42:08.886Z"}
{"level":"info","message":"Auth service running on 5000","timestamp":"2025-07-13T08:42:32.690Z"}
{"level":"info","message":"Auth service running on 5000","timestamp":"2025-07-13T08:42:38.836Z"}
{"level":"info","message":"Auth service running on 5000","timestamp":"2025-07-13T08:43:16.727Z"}
{"level":"info","message":"Auth service running on 5000","timestamp":"2025-07-13T08:43:22.732Z"}
{"level":"info","message":"Auth service running on 5000","timestamp":"2025-07-13T08:43:36.886Z"}
{"level":"info","message":"Auth service running on 5000","timestamp":"2025-07-13T08:43:58.783Z"}
{"level":"info","message":"Auth service running on 5000","timestamp":"2025-07-13T08:45:06.743Z"}
{"level":"info","message":"Auth service running on 5000","timestamp":"2025-07-13T08:45:11.337Z"}
{"level":"info","message":"Auth service running on 5000","timestamp":"2025-07-13T08:45:19.574Z"}
{"level":"info","message":"Auth service running on 5000","timestamp":"2025-07-13T08:45:48.136Z"}
{"level":"info","message":"Auth service running on 5000","timestamp":"2025-07-13T08:45:58.683Z"}
{"level":"info","message":"Auth service running on 5000","timestamp":"2025-07-13T08:46:53.427Z"}
{"level":"info","message":"Auth service running on 5000","timestamp":"2025-07-13T08:47:06.213Z"}
{"level":"info","message":"Auth service running on 5000","timestamp":"2025-07-13T08:47:16.559Z"}
{"level":"info","message":"Auth service running on 5000","timestamp":"2025-07-13T08:47:21.749Z"}
{"level":"info","message":"Auth service running on 5000","timestamp":"2025-07-13T08:47:28.576Z"}
{"level":"info","message":"Auth service running on 5000","timestamp":"2025-07-13T08:47:37.860Z"}
{"level":"info","message":"Auth service running on 5000","timestamp":"2025-07-13T08:47:42.674Z"}
{"level":"info","message":"Auth service running on 5000","timestamp":"2025-07-13T08:47:46.327Z"}
{"level":"info","message":"Auth service running on 5000","timestamp":"2025-07-13T08:47:55.396Z"}
{"level":"info","message":"Auth service running on 5000","timestamp":"2025-07-13T08:48:03.226Z"}
{"level":"info","message":"Auth service running on 5000","timestamp":"2025-07-13T08:48:11.165Z"}
{"level":"info","message":"Auth service running on 5000","timestamp":"2025-07-13T08:48:21.114Z"}
{"level":"info","message":"Auth service running on 5000","timestamp":"2025-07-13T08:48:42.717Z"}
{"level":"info","message":"Auth service running on 5000","timestamp":"2025-07-13T08:48:48.744Z"}
{"level":"info","message":"Auth service running on 5000","timestamp":"2025-07-13T08:48:53.095Z"}
{"level":"info","message":"Auth service running on 5000","timestamp":"2025-07-13T08:48:59.140Z"}
{"level":"info","message":"Auth service running on 5000","timestamp":"2025-07-13T08:49:51.050Z"}
{"level":"info","message":"Auth service running on 5000","timestamp":"2025-07-13T08:50:05.042Z"}
{"level":"info","message":"Auth service running on 5000","timestamp":"2025-07-13T08:50:11.205Z"}
{"level":"info","message":"Auth service running on 5000","timestamp":"2025-07-13T08:50:18.045Z"}
{"level":"info","message":"Auth service running on 5000","timestamp":"2025-07-13T08:50:27.338Z"}
{"level":"info","message":"Auth service running on 5000","timestamp":"2025-07-13T08:50:41.767Z"}
{"level":"info","message":"Auth service running on 5000","timestamp":"2025-07-13T08:51:01.911Z"}
{"level":"info","message":"Auth service running on 5000","timestamp":"2025-07-13T08:51:09.378Z"}
{"level":"info","message":"Auth service running on 5000","timestamp":"2025-07-13T08:58:08.328Z"}
{"level":"info","message":"Auth service running on 5000","timestamp":"2025-07-13T08:58:15.883Z"}
{"level":"info","message":"Auth service running on 5000","timestamp":"2025-07-13T08:58:20.802Z"}
{"level":"info","message":"Auth service running on 5000","timestamp":"2025-07-13T08:58:34.794Z"}
{"level":"info","message":"Auth service running on 5000","timestamp":"2025-07-13T08:58:58.768Z"}
{"level":"info","message":"Auth service running on 5000","timestamp":"2025-07-13T08:59:19.419Z"}
{"level":"info","message":"Auth service running on 5000","timestamp":"2025-07-13T08:59:47.098Z"}
{"level":"info","message":"Auth service running on 5000","timestamp":"2025-07-13T08:59:55.428Z"}
{"level":"info","message":"Auth service running on 5000","timestamp":"2025-07-13T09:00:14.282Z"}
{"level":"info","message":"Auth service running on 5000","timestamp":"2025-07-13T09:01:53.661Z"}
{"level":"info","message":"Auth service running on 5000","timestamp":"2025-07-13T09:02:00.097Z"}
{"level":"info","message":"Auth service running on 5000","timestamp":"2025-07-13T09:02:09.058Z"}
{"level":"info","message":"Auth service running on 5000","timestamp":"2025-07-13T09:03:09.098Z"}
{"level":"info","message":"Auth service running on 5000","timestamp":"2025-07-13T09:03:13.994Z"}
{"level":"info","message":"Auth service running on 5000","timestamp":"2025-07-13T09:03:22.473Z"}
{"level":"info","message":"Auth service running on 5000","timestamp":"2025-07-13T09:03:33.110Z"}
{"level":"info","message":"Auth service running on 5000","timestamp":"2025-07-13T09:03:57.705Z"}
{"level":"error","message":"Error at registerUser: Query values must be an array","stack":"Error: Query values must be an array\n    at C:\\Code\\RealTime_Personal_Finance_Dashboard\\server\\auth-service\\node_modules\\pg-pool\\index.js:45:11\n    at process.processTicksAndRejections (node:internal/process/task_queues:105:5)\n    at async registerUser (file:///C:/Code/RealTime_Personal_Finance_Dashboard/server/auth-service/src/controllers/authController.js:20:28)","timestamp":"2025-07-13T09:04:03.175Z"}
{"level":"info","message":"Auth service running on 5000","timestamp":"2025-07-13T09:05:25.188Z"}
{"level":"info","message":"Auth service running on 5000","timestamp":"2025-07-13T09:05:42.046Z"}
{"level":"error","message":"Error at registerUser: Query values must be an array","stack":"Error: Query values must be an array\n    at C:\\Code\\RealTime_Personal_Finance_Dashboard\\server\\auth-service\\node_modules\\pg-pool\\index.js:45:11\n    at process.processTicksAndRejections (node:internal/process/task_queues:105:5)\n    at async registerUser (file:///C:/Code/RealTime_Personal_Finance_Dashboard/server/auth-service/src/controllers/authController.js:20:28)","timestamp":"2025-07-13T09:05:54.745Z"}
{"level":"info","message":"Auth service running on 5000","timestamp":"2025-07-13T09:06:35.860Z"}
{"level":"error","message":"Error at registerUser: res.sattus is not a function","stack":"TypeError: res.sattus is not a function\n    at registerUser (file:///C:/Code/RealTime_Personal_Finance_Dashboard/server/auth-service/src/controllers/authController.js:23:24)\n    at process.processTicksAndRejections (node:internal/process/task_queues:105:5)","timestamp":"2025-07-13T09:07:00.717Z"}
{"level":"info","message":"Auth service running on 5000","timestamp":"2025-07-13T09:08:05.762Z"}
{"level":"info","message":"Auth service running on 5000","timestamp":"2025-07-13T09:08:22.599Z"}
{"level":"info","message":"Auth service running on 5000","timestamp":"2025-07-13T09:08:36.677Z"}
{"level":"info","message":"Auth service running on 5000","timestamp":"2025-07-13T09:09:01.004Z"}
{"level":"info","message":"Auth service running on 5000","timestamp":"2025-07-13T09:09:06.411Z"}
{"level":"info","message":"Auth service running on 5000","timestamp":"2025-07-13T09:09:39.455Z"}
{"level":"info","message":"Auth service running on 5000","timestamp":"2025-07-13T09:09:44.266Z"}
{"level":"info","message":"Auth service running on 5000","timestamp":"2025-07-13T09:10:14.102Z"}
{"level":"info","message":"Auth service running on 5000","timestamp":"2025-07-13T09:10:18.829Z"}
{"level":"info","message":"Auth service running on 5000","timestamp":"2025-07-13T09:10:31.170Z"}
{"level":"info","message":"Auth service running on 5000","timestamp":"2025-07-13T09:10:35.517Z"}
{"level":"info","message":"Auth service running on 5000","timestamp":"2025-07-13T09:10:47.776Z"}
{"level":"info","message":"Auth service running on 5000","timestamp":"2025-07-13T09:20:08.571Z"}
{"level":"info","message":"Auth service running on 5000","timestamp":"2025-07-13T09:20:21.718Z"}
{"level":"info","message":"Auth service running on 5000","timestamp":"2025-07-13T09:20:37.345Z"}
{"level":"info","message":"Auth service running on 5000","timestamp":"2025-07-13T09:20:43.252Z"}
{"level":"info","message":"Auth service running on 5000","timestamp":"2025-07-13T09:21:07.356Z"}
{"level":"info","message":"Auth service running on 5000","timestamp":"2025-07-13T09:21:24.417Z"}
{"level":"info","message":"Auth service running on 5000","timestamp":"2025-07-13T09:21:40.260Z"}
{"level":"info","message":"Auth service running on 5000","timestamp":"2025-07-13T09:22:10.190Z"}
{"level":"info","message":"Auth service running on 5000","timestamp":"2025-07-13T09:22:49.085Z"}
{"level":"info","message":"Auth service running on 5000","timestamp":"2025-07-13T09:22:57.808Z"}
{"level":"info","message":"Auth service running on 5000","timestamp":"2025-07-13T09:23:08.127Z"}
{"level":"info","message":"Auth service running on 5000","timestamp":"2025-07-13T09:23:23.817Z"}
{"level":"info","message":"Auth service running on 5000","timestamp":"2025-07-13T09:23:45.779Z"}
{"level":"info","message":"Auth service running on 5000","timestamp":"2025-07-13T09:23:56.309Z"}
{"level":"info","message":"Auth service running on 5000","timestamp":"2025-07-13T09:24:03.615Z"}
{"level":"info","message":"Auth service running on 5000","timestamp":"2025-07-13T09:24:13.821Z"}
{"level":"error","message":"Error at registerUser: \"expiresIn\" should be a number of seconds or string representing a timespan eg: \"1d\", \"20h\", 60","stack":"Error: \"expiresIn\" should be a number of seconds or string representing a timespan eg: \"1d\", \"20h\", 60\n    at module.exports [as sign] (C:\\Code\\RealTime_Personal_Finance_Dashboard\\server\\auth-service\\node_modules\\jsonwebtoken\\sign.js:213:22)\n    at registerUser (file:///C:/Code/RealTime_Personal_Finance_Dashboard/server/auth-service/src/controllers/authController.js:39:34)\n    at process.processTicksAndRejections (node:internal/process/task_queues:105:5)","timestamp":"2025-07-13T09:37:31.400Z"}
{"level":"info","message":"Auth service running on 5000","timestamp":"2025-07-13T09:39:06.753Z"}
{"level":"error","message":"Error at registerUser: \"expiresIn\" should be a number of seconds or string representing a timespan eg: \"1d\", \"20h\", 60","stack":"Error: \"expiresIn\" should be a number of seconds or string representing a timespan eg: \"1d\", \"20h\", 60\n    at module.exports [as sign] (C:\\Code\\RealTime_Personal_Finance_Dashboard\\server\\auth-service\\node_modules\\jsonwebtoken\\sign.js:213:22)\n    at registerUser (file:///C:/Code/RealTime_Personal_Finance_Dashboard/server/auth-service/src/controllers/authController.js:39:34)\n    at process.processTicksAndRejections (node:internal/process/task_queues:105:5)","timestamp":"2025-07-13T09:39:25.597Z"}
{"level":"info","message":"Auth service running on 5000","timestamp":"2025-07-13T09:40:27.702Z"}
{"level":"info","message":"Auth service running on 5000","timestamp":"2025-07-13T09:40:40.151Z"}
{"level":"info","message":"Auth service running on 5000","timestamp":"2025-07-13T09:42:39.056Z"}
{"level":"error","message":"Error at registerUser: \"expiresIn\" should be a number of seconds or string representing a timespan eg: \"1d\", \"20h\", 60","stack":"Error: \"expiresIn\" should be a number of seconds or string representing a timespan eg: \"1d\", \"20h\", 60\n    at module.exports [as sign] (C:\\Code\\RealTime_Personal_Finance_Dashboard\\server\\auth-service\\node_modules\\jsonwebtoken\\sign.js:213:22)\n    at registerUser (file:///C:/Code/RealTime_Personal_Finance_Dashboard/server/auth-service/src/controllers/authController.js:40:34)\n    at process.processTicksAndRejections (node:internal/process/task_queues:105:5)","timestamp":"2025-07-13T09:43:02.969Z"}
{"level":"info","message":"Auth service running on 5000","timestamp":"2025-07-13T09:45:45.680Z"}
{"level":"error","message":"Error at registerUser: \"expiresIn\" should be a number of seconds or string representing a timespan eg: \"1d\", \"20h\", 60","stack":"Error: \"expiresIn\" should be a number of seconds or string representing a timespan eg: \"1d\", \"20h\", 60\n    at module.exports [as sign] (C:\\Code\\RealTime_Personal_Finance_Dashboard\\server\\auth-service\\node_modules\\jsonwebtoken\\sign.js:213:22)\n    at registerUser (file:///C:/Code/RealTime_Personal_Finance_Dashboard/server/auth-service/src/controllers/authController.js:40:34)\n    at process.processTicksAndRejections (node:internal/process/task_queues:105:5)","timestamp":"2025-07-13T09:46:03.364Z"}
{"level":"info","message":"Auth service running on 5000","timestamp":"2025-07-13T09:47:11.092Z"}
{"level":"info","message":"Auth service running on 5000","timestamp":"2025-07-13T09:47:17.997Z"}
{"level":"info","message":"Auth service running on 5000","timestamp":"2025-07-13T09:47:28.698Z"}
{"level":"info","message":"Auth service running on 5000","timestamp":"2025-07-13T09:47:38.894Z"}
{"level":"error","message":"Error at registerUser: \"expiresIn\" should be a number of seconds or string representing a timespan eg: \"1d\", \"20h\", 60","stack":"Error: \"expiresIn\" should be a number of seconds or string representing a timespan eg: \"1d\", \"20h\", 60\n    at module.exports [as sign] (C:\\Code\\RealTime_Personal_Finance_Dashboard\\server\\auth-service\\node_modules\\jsonwebtoken\\sign.js:213:22)\n    at registerUser (file:///C:/Code/RealTime_Personal_Finance_Dashboard/server/auth-service/src/controllers/authController.js:41:34)\n    at process.processTicksAndRejections (node:internal/process/task_queues:105:5)","timestamp":"2025-07-13T09:47:48.028Z"}
{"level":"info","message":"Auth service running on 5000","timestamp":"2025-07-13T09:48:13.006Z"}
{"level":"info","message":"Auth service running on 5000","timestamp":"2025-07-13T09:48:17.508Z"}
{"level":"info","message":"Auth service running on 5000","timestamp":"2025-07-13T09:48:23.962Z"}
{"level":"info","message":"Auth service running on 5000","timestamp":"2025-07-13T09:48:28.527Z"}
{"level":"info","message":"Auth service running on 5000","timestamp":"2025-07-13T09:48:40.985Z"}
{"level":"info","message":"Auth service running on 5000","timestamp":"2025-07-13T09:48:48.503Z"}
{"level":"info","message":"Auth service running on 5000","timestamp":"2025-07-13T09:49:11.183Z"}
{"level":"info","message":"Auth service running on 5000","timestamp":"2025-07-13T09:49:19.126Z"}
{"level":"info","message":"Auth service running on 5000","timestamp":"2025-07-13T09:49:34.974Z"}
{"level":"info","message":"Auth service running on 5000","timestamp":"2025-07-13T09:49:43.920Z"}
{"level":"info","message":"Auth service running on 5000","timestamp":"2025-07-13T09:49:54.853Z"}
{"level":"error","message":"Error at registerUser: \"expiresIn\" should be a number of seconds or string representing a timespan eg: \"1d\", \"20h\", 60","stack":"Error: \"expiresIn\" should be a number of seconds or string representing a timespan eg: \"1d\", \"20h\", 60\n    at module.exports [as sign] (C:\\Code\\RealTime_Personal_Finance_Dashboard\\server\\auth-service\\node_modules\\jsonwebtoken\\sign.js:213:22)\n    at registerUser (file:///C:/Code/RealTime_Personal_Finance_Dashboard/server/auth-service/src/controllers/authController.js:39:34)\n    at process.processTicksAndRejections (node:internal/process/task_queues:105:5)","timestamp":"2025-07-13T09:50:52.755Z"}
{"level":"info","message":"Auth service running on 5000","timestamp":"2025-07-13T09:52:26.195Z"}
{"level":"info","message":"Auth service running on 5000","timestamp":"2025-07-13T09:53:34.698Z"}
{"level":"info","message":"Auth service running on 5000","timestamp":"2025-07-13T09:55:03.972Z"}
{"level":"info","message":"Auth service running on 5000","timestamp":"2025-07-17T10:44:39.733Z"}
{"level":"error","message":"Error at registerUser Wrong number of segments in token: {{234932173375-gos9gguc3qfajie2iv8vid04jme5n0cu.apps.googleusercontent.com}}","stack":"Error: Wrong number of segments in token: {{234932173375-gos9gguc3qfajie2iv8vid04jme5n0cu.apps.googleusercontent.com}}\n    at OAuth2Client.verifySignedJwtWithCertsAsync (C:\\Code\\RealTime_Personal_Finance_Dashboard\\server\\auth-service\\node_modules\\google-auth-library\\build\\src\\auth\\oauth2client.js:692:19)\n    at OAuth2Client.verifyIdTokenAsync (C:\\Code\\RealTime_Personal_Finance_Dashboard\\server\\auth-service\\node_modules\\google-auth-library\\build\\src\\auth\\oauth2client.js:541:34)\n    at process.processTicksAndRejections (node:internal/process/task_queues:105:5)\n    at async registerUserWithOAuth (file:///C:/Code/RealTime_Personal_Finance_Dashboard/server/auth-service/src/controllers/authController.js:68:24)","timestamp":"2025-07-17T10:47:06.334Z"}
{"level":"error","message":"Error at registerUser Wrong number of segments in token: 234932173375-gos9gguc3qfajie2iv8vid04jme5n0cu.apps.googleusercontent.com","stack":"Error: Wrong number of segments in token: 234932173375-gos9gguc3qfajie2iv8vid04jme5n0cu.apps.googleusercontent.com\n    at OAuth2Client.verifySignedJwtWithCertsAsync (C:\\Code\\RealTime_Personal_Finance_Dashboard\\server\\auth-service\\node_modules\\google-auth-library\\build\\src\\auth\\oauth2client.js:692:19)\n    at OAuth2Client.verifyIdTokenAsync (C:\\Code\\RealTime_Personal_Finance_Dashboard\\server\\auth-service\\node_modules\\google-auth-library\\build\\src\\auth\\oauth2client.js:541:34)\n    at process.processTicksAndRejections (node:internal/process/task_queues:105:5)\n    at async registerUserWithOAuth (file:///C:/Code/RealTime_Personal_Finance_Dashboard/server/auth-service/src/controllers/authController.js:68:24)","timestamp":"2025-07-17T10:49:08.707Z"}
{"level":"error","message":"Error at registerUser Wrong number of segments in token: 234932173375-gos9gguc3qfajie2iv8vid04jme5n0cu.apps.googleusercontent.com","stack":"Error: Wrong number of segments in token: 234932173375-gos9gguc3qfajie2iv8vid04jme5n0cu.apps.googleusercontent.com\n    at OAuth2Client.verifySignedJwtWithCertsAsync (C:\\Code\\RealTime_Personal_Finance_Dashboard\\server\\auth-service\\node_modules\\google-auth-library\\build\\src\\auth\\oauth2client.js:692:19)\n    at OAuth2Client.verifyIdTokenAsync (C:\\Code\\RealTime_Personal_Finance_Dashboard\\server\\auth-service\\node_modules\\google-auth-library\\build\\src\\auth\\oauth2client.js:541:34)\n    at process.processTicksAndRejections (node:internal/process/task_queues:105:5)\n    at async registerUserWithOAuth (file:///C:/Code/RealTime_Personal_Finance_Dashboard/server/auth-service/src/controllers/authController.js:68:24)","timestamp":"2025-07-17T10:50:11.127Z"}
{"level":"error","message":"Error at registerUser Wrong number of segments in token: 234932173375-gos9gguc3qfajie2iv8vid04jme5n0cu.apps.googleusercontent.com","stack":"Error: Wrong number of segments in token: 234932173375-gos9gguc3qfajie2iv8vid04jme5n0cu.apps.googleusercontent.com\n    at OAuth2Client.verifySignedJwtWithCertsAsync (C:\\Code\\RealTime_Personal_Finance_Dashboard\\server\\auth-service\\node_modules\\google-auth-library\\build\\src\\auth\\oauth2client.js:692:19)\n    at OAuth2Client.verifyIdTokenAsync (C:\\Code\\RealTime_Personal_Finance_Dashboard\\server\\auth-service\\node_modules\\google-auth-library\\build\\src\\auth\\oauth2client.js:541:34)\n    at process.processTicksAndRejections (node:internal/process/task_queues:105:5)\n    at async registerUserWithOAuth (file:///C:/Code/RealTime_Personal_Finance_Dashboard/server/auth-service/src/controllers/authController.js:68:24)","timestamp":"2025-07-17T10:50:50.958Z"}
{"level":"info","message":"Auth service running on 5000","timestamp":"2025-07-17T10:51:07.127Z"}
{"level":"error","message":"Error at registerUser Wrong number of segments in token: 234932173375-gos9gguc3qfajie2iv8vid04jme5n0cu.apps.googleusercontent.com","stack":"Error: Wrong number of segments in token: 234932173375-gos9gguc3qfajie2iv8vid04jme5n0cu.apps.googleusercontent.com\n    at OAuth2Client.verifySignedJwtWithCertsAsync (C:\\Code\\RealTime_Personal_Finance_Dashboard\\server\\auth-service\\node_modules\\google-auth-library\\build\\src\\auth\\oauth2client.js:692:19)\n    at OAuth2Client.verifyIdTokenAsync (C:\\Code\\RealTime_Personal_Finance_Dashboard\\server\\auth-service\\node_modules\\google-auth-library\\build\\src\\auth\\oauth2client.js:541:34)\n    at process.processTicksAndRejections (node:internal/process/task_queues:105:5)\n    at async registerUserWithOAuth (file:///C:/Code/RealTime_Personal_Finance_Dashboard/server/auth-service/src/controllers/authController.js:68:24)","timestamp":"2025-07-17T10:51:17.608Z"}
{"level":"info","message":"Auth service running on 5000","timestamp":"2025-07-17T10:58:38.218Z"}
{"level":"info","message":"Auth service running on 5000","timestamp":"2025-07-17T11:00:38.656Z"}
{"level":"info","message":"Auth service running on 5000","timestamp":"2025-07-17T11:00:50.881Z"}
{"level":"info","message":"Auth service running on 5000","timestamp":"2025-07-17T11:01:08.829Z"}
{"level":"info","message":"Auth service running on 5000","timestamp":"2025-07-17T11:01:15.869Z"}
{"level":"info","message":"Auth service running on 5000","timestamp":"2025-07-17T11:01:40.499Z"}
{"level":"info","message":"Auth service running on 5000","timestamp":"2025-07-17T11:01:48.017Z"}
{"level":"info","message":"Auth service running on 5000","timestamp":"2025-07-17T11:03:13.445Z"}
{"level":"info","message":"Auth service running on 5000","timestamp":"2025-07-17T11:04:32.036Z"}
{"level":"info","message":"Auth service running on 5000","timestamp":"2025-07-17T11:05:22.517Z"}
{"level":"info","message":"Auth service running on 5000","timestamp":"2025-07-17T11:06:20.071Z"}
{"level":"info","message":"Auth service running on 5000","timestamp":"2025-07-17T11:06:32.689Z"}
{"level":"info","message":"Auth service running on 5000","timestamp":"2025-07-29T07:09:44.487Z"}
{"level":"info","message":"OTP senbt Successfully!","timestamp":"2025-07-29T07:14:47.039Z"}
{"level":"info","message":"Auth service running on 5000","timestamp":"2025-07-29T07:17:25.741Z"}
{"level":"info","message":"OTP senbt Successfully!","timestamp":"2025-07-29T07:17:35.643Z"}
{"level":"info","message":"Auth service running on 5000","timestamp":"2025-07-29T07:18:32.287Z"}
{"level":"info","message":"Auth service running on 5000","timestamp":"2025-07-29T07:20:10.560Z"}
{"level":"error","message":"Error at registerUser Wrong number of segments in token: 234932173375-gos9gguc3qfajie2iv8vid04jme5n0cu.apps.googleusercontent.com","stack":"Error: Wrong number of segments in token: 234932173375-gos9gguc3qfajie2iv8vid04jme5n0cu.apps.googleusercontent.com\n    at OAuth2Client.verifySignedJwtWithCertsAsync (C:\\Code\\RealTime_Personal_Finance_Dashboard\\server\\auth-service\\node_modules\\google-auth-library\\build\\src\\auth\\oauth2client.js:692:19)\n    at OAuth2Client.verifyIdTokenAsync (C:\\Code\\RealTime_Personal_Finance_Dashboard\\server\\auth-service\\node_modules\\google-auth-library\\build\\src\\auth\\oauth2client.js:541:34)\n    at process.processTicksAndRejections (node:internal/process/task_queues:105:5)\n    at async registerUserWithOAuth (file:///C:/Code/RealTime_Personal_Finance_Dashboard/server/auth-service/src/controllers/authController.js:68:24)","timestamp":"2025-07-29T07:20:41.751Z"}
{"level":"error","message":"Error at registerUser Wrong number of segments in token: 234932173375-gos9gguc3qfajie2iv8vid04jme5n0cu.apps.googleusercontent.com","stack":"Error: Wrong number of segments in token: 234932173375-gos9gguc3qfajie2iv8vid04jme5n0cu.apps.googleusercontent.com\n    at OAuth2Client.verifySignedJwtWithCertsAsync (C:\\Code\\RealTime_Personal_Finance_Dashboard\\server\\auth-service\\node_modules\\google-auth-library\\build\\src\\auth\\oauth2client.js:692:19)\n    at OAuth2Client.verifyIdTokenAsync (C:\\Code\\RealTime_Personal_Finance_Dashboard\\server\\auth-service\\node_modules\\google-auth-library\\build\\src\\auth\\oauth2client.js:541:34)\n    at process.processTicksAndRejections (node:internal/process/task_queues:105:5)\n    at async registerUserWithOAuth (file:///C:/Code/RealTime_Personal_Finance_Dashboard/server/auth-service/src/controllers/authController.js:68:24)","timestamp":"2025-07-29T07:21:47.304Z"}
{"level":"error","message":"Error at registerUser Wrong number of segments in token: https://234932173375-gos9gguc3qfajie2iv8vid04jme5n0cu.apps.googleusercontent.com","stack":"Error: Wrong number of segments in token: https://234932173375-gos9gguc3qfajie2iv8vid04jme5n0cu.apps.googleusercontent.com\n    at OAuth2Client.verifySignedJwtWithCertsAsync (C:\\Code\\RealTime_Personal_Finance_Dashboard\\server\\auth-service\\node_modules\\google-auth-library\\build\\src\\auth\\oauth2client.js:692:19)\n    at OAuth2Client.verifyIdTokenAsync (C:\\Code\\RealTime_Personal_Finance_Dashboard\\server\\auth-service\\node_modules\\google-auth-library\\build\\src\\auth\\oauth2client.js:541:34)\n    at process.processTicksAndRejections (node:internal/process/task_queues:105:5)\n    at async registerUserWithOAuth (file:///C:/Code/RealTime_Personal_Finance_Dashboard/server/auth-service/src/controllers/authController.js:68:24)","timestamp":"2025-07-29T07:24:15.543Z"}
{"level":"error","message":"Error at registerUser Wrong number of segments in token: https://234932173375-gos9gguc3qfajie2iv8vid04jme5n0cu.apps.googleusercontent.com","stack":"Error: Wrong number of segments in token: https://234932173375-gos9gguc3qfajie2iv8vid04jme5n0cu.apps.googleusercontent.com\n    at OAuth2Client.verifySignedJwtWithCertsAsync (C:\\Code\\RealTime_Personal_Finance_Dashboard\\server\\auth-service\\node_modules\\google-auth-library\\build\\src\\auth\\oauth2client.js:692:19)\n    at OAuth2Client.verifyIdTokenAsync (C:\\Code\\RealTime_Personal_Finance_Dashboard\\server\\auth-service\\node_modules\\google-auth-library\\build\\src\\auth\\oauth2client.js:541:34)\n    at process.processTicksAndRejections (node:internal/process/task_queues:105:5)\n    at async registerUserWithOAuth (file:///C:/Code/RealTime_Personal_Finance_Dashboard/server/auth-service/src/controllers/authController.js:68:24)","timestamp":"2025-07-31T16:44:27.524Z"}
{"level":"error","message":"Error at registerUser Wrong number of segments in token: 234932173375-gos9gguc3qfajie2iv8vid04jme5n0cu.apps.googleusercontent.com","stack":"Error: Wrong number of segments in token: 234932173375-gos9gguc3qfajie2iv8vid04jme5n0cu.apps.googleusercontent.com\n    at OAuth2Client.verifySignedJwtWithCertsAsync (C:\\Code\\RealTime_Personal_Finance_Dashboard\\server\\auth-service\\node_modules\\google-auth-library\\build\\src\\auth\\oauth2client.js:692:19)\n    at OAuth2Client.verifyIdTokenAsync (C:\\Code\\RealTime_Personal_Finance_Dashboard\\server\\auth-service\\node_modules\\google-auth-library\\build\\src\\auth\\oauth2client.js:541:34)\n    at process.processTicksAndRejections (node:internal/process/task_queues:105:5)\n    at async registerUserWithOAuth (file:///C:/Code/RealTime_Personal_Finance_Dashboard/server/auth-service/src/controllers/authController.js:68:24)","timestamp":"2025-07-31T16:44:55.964Z"}
{"level":"error","message":"Error at registerUser Wrong number of segments in token: 234932173375-gos9gguc3qfajie2iv8vid04jme5n0cu.apps.googleusercontent.com","stack":"Error: Wrong number of segments in token: 234932173375-gos9gguc3qfajie2iv8vid04jme5n0cu.apps.googleusercontent.com\n    at OAuth2Client.verifySignedJwtWithCertsAsync (C:\\Code\\RealTime_Personal_Finance_Dashboard\\server\\auth-service\\node_modules\\google-auth-library\\build\\src\\auth\\oauth2client.js:692:19)\n    at OAuth2Client.verifyIdTokenAsync (C:\\Code\\RealTime_Personal_Finance_Dashboard\\server\\auth-service\\node_modules\\google-auth-library\\build\\src\\auth\\oauth2client.js:541:34)\n    at process.processTicksAndRejections (node:internal/process/task_queues:105:5)\n    at async registerUserWithOAuth (file:///C:/Code/RealTime_Personal_Finance_Dashboard/server/auth-service/src/controllers/authController.js:68:24)","timestamp":"2025-07-31T16:49:34.083Z"}
{"level":"error","message":"Error at registerUser Wrong number of segments in token: 234932173375-gos9gguc3qfajie2iv8vid04jme5n0cu.apps.googleusercontent.com","stack":"Error: Wrong number of segments in token: 234932173375-gos9gguc3qfajie2iv8vid04jme5n0cu.apps.googleusercontent.com\n    at OAuth2Client.verifySignedJwtWithCertsAsync (C:\\Code\\RealTime_Personal_Finance_Dashboard\\server\\auth-service\\node_modules\\google-auth-library\\build\\src\\auth\\oauth2client.js:692:19)\n    at OAuth2Client.verifyIdTokenAsync (C:\\Code\\RealTime_Personal_Finance_Dashboard\\server\\auth-service\\node_modules\\google-auth-library\\build\\src\\auth\\oauth2client.js:541:34)\n    at process.processTicksAndRejections (node:internal/process/task_queues:105:5)\n    at async registerUserWithOAuth (file:///C:/Code/RealTime_Personal_Finance_Dashboard/server/auth-service/src/controllers/authController.js:68:24)","timestamp":"2025-08-01T03:39:33.175Z"}
{"level":"error","message":"Error at registerUser Wrong number of segments in token: 234932173375-gos9gguc3qfajie2iv8vid04jme5n0cu.apps.googleusercontent.com","stack":"Error: Wrong number of segments in token: 234932173375-gos9gguc3qfajie2iv8vid04jme5n0cu.apps.googleusercontent.com\n    at OAuth2Client.verifySignedJwtWithCertsAsync (C:\\Code\\RealTime_Personal_Finance_Dashboard\\server\\auth-service\\node_modules\\google-auth-library\\build\\src\\auth\\oauth2client.js:692:19)\n    at OAuth2Client.verifyIdTokenAsync (C:\\Code\\RealTime_Personal_Finance_Dashboard\\server\\auth-service\\node_modules\\google-auth-library\\build\\src\\auth\\oauth2client.js:541:34)\n    at process.processTicksAndRejections (node:internal/process/task_queues:105:5)\n    at async registerUserWithOAuth (file:///C:/Code/RealTime_Personal_Finance_Dashboard/server/auth-service/src/controllers/authController.js:68:24)","timestamp":"2025-08-01T03:40:34.466Z"}
{"level":"info","message":"Auth service running on 5000","timestamp":"2025-08-01T03:40:59.121Z"}
{"level":"error","message":"Error at registerUser Wrong number of segments in token: 234932173375-gos9gguc3qfajie2iv8vid04jme5n0cu.apps.googleusercontent.com","stack":"Error: Wrong number of segments in token: 234932173375-gos9gguc3qfajie2iv8vid04jme5n0cu.apps.googleusercontent.com\n    at OAuth2Client.verifySignedJwtWithCertsAsync (C:\\Code\\RealTime_Personal_Finance_Dashboard\\server\\auth-service\\node_modules\\google-auth-library\\build\\src\\auth\\oauth2client.js:692:19)\n    at OAuth2Client.verifyIdTokenAsync (C:\\Code\\RealTime_Personal_Finance_Dashboard\\server\\auth-service\\node_modules\\google-auth-library\\build\\src\\auth\\oauth2client.js:541:34)\n    at process.processTicksAndRejections (node:internal/process/task_queues:105:5)\n    at async registerUserWithOAuth (file:///C:/Code/RealTime_Personal_Finance_Dashboard/server/auth-service/src/controllers/authController.js:68:24)","timestamp":"2025-08-01T03:41:15.665Z"}
{"level":"info","message":"Auth service running on 5000","timestamp":"2025-08-01T03:45:07.709Z"}
{"level":"error","message":"Error at registerUser Wrong number of segments in token: 234932173375-gos9gguc3qfajie2iv8vid04jme5n0cu.apps.googleusercontent.com","stack":"Error: Wrong number of segments in token: 234932173375-gos9gguc3qfajie2iv8vid04jme5n0cu.apps.googleusercontent.com\n    at OAuth2Client.verifySignedJwtWithCertsAsync (C:\\Code\\RealTime_Personal_Finance_Dashboard\\server\\auth-service\\node_modules\\google-auth-library\\build\\src\\auth\\oauth2client.js:692:19)\n    at OAuth2Client.verifyIdTokenAsync (C:\\Code\\RealTime_Personal_Finance_Dashboard\\server\\auth-service\\node_modules\\google-auth-library\\build\\src\\auth\\oauth2client.js:541:34)\n    at process.processTicksAndRejections (node:internal/process/task_queues:105:5)\n    at async registerUserWithOAuth (file:///C:/Code/RealTime_Personal_Finance_Dashboard/server/auth-service/src/controllers/authController.js:68:24)","timestamp":"2025-08-01T03:45:13.316Z"}
{"level":"info","message":"Auth service running on 5000","timestamp":"2025-08-01T03:47:22.374Z"}
{"level":"error","message":"Error at registerUser Wrong number of segments in token: 234932173375-gos9gguc3qfajie2iv8vid04jme5n0cu.apps.googleusercontent.com","stack":"Error: Wrong number of segments in token: 234932173375-gos9gguc3qfajie2iv8vid04jme5n0cu.apps.googleusercontent.com\n    at OAuth2Client.verifySignedJwtWithCertsAsync (C:\\Code\\RealTime_Personal_Finance_Dashboard\\server\\auth-service\\node_modules\\google-auth-library\\build\\src\\auth\\oauth2client.js:692:19)\n    at OAuth2Client.verifyIdTokenAsync (C:\\Code\\RealTime_Personal_Finance_Dashboard\\server\\auth-service\\node_modules\\google-auth-library\\build\\src\\auth\\oauth2client.js:541:34)\n    at process.processTicksAndRejections (node:internal/process/task_queues:105:5)\n    at async registerUserWithOAuth (file:///C:/Code/RealTime_Personal_Finance_Dashboard/server/auth-service/src/controllers/authController.js:68:24)","timestamp":"2025-08-01T03:53:42.784Z"}
{"level":"info","message":"Auth service running on 5000","timestamp":"2025-08-01T03:54:27.400Z"}
{"level":"error","message":"Error at registerUser with OAuth:\n Wrong number of segments in token: 234932173375-gos9gguc3qfajie2iv8vid04jme5n0cu.apps.googleusercontent.com","stack":"Error: Wrong number of segments in token: 234932173375-gos9gguc3qfajie2iv8vid04jme5n0cu.apps.googleusercontent.com\n    at OAuth2Client.verifySignedJwtWithCertsAsync (C:\\Code\\RealTime_Personal_Finance_Dashboard\\server\\auth-service\\node_modules\\google-auth-library\\build\\src\\auth\\oauth2client.js:692:19)\n    at OAuth2Client.verifyIdTokenAsync (C:\\Code\\RealTime_Personal_Finance_Dashboard\\server\\auth-service\\node_modules\\google-auth-library\\build\\src\\auth\\oauth2client.js:541:34)\n    at process.processTicksAndRejections (node:internal/process/task_queues:105:5)\n    at async registerUserWithOAuth (file:///C:/Code/RealTime_Personal_Finance_Dashboard/server/auth-service/src/controllers/authController.js:68:24)","timestamp":"2025-08-01T03:55:19.146Z"}
{"code":"22P02","file":"enum.c","length":134,"level":"error","line":"128","message":"Error at registerUser with OAuth:\n invalid input value for enum auth_enum: \"OAUTH\"","name":"error","routine":"enum_in","severity":"ERROR","stack":"error: invalid input value for enum auth_enum: \"OAUTH\"\n    at C:\\Code\\RealTime_Personal_Finance_Dashboard\\server\\auth-service\\node_modules\\pg-pool\\index.js:45:11\n    at process.processTicksAndRejections (node:internal/process/task_queues:105:5)\n    at async registerUserWithOAuth (file:///C:/Code/RealTime_Personal_Finance_Dashboard/server/auth-service/src/controllers/authController.js:85:13)","timestamp":"2025-08-01T04:56:38.964Z","where":"unnamed portal parameter $3 = '...'"}
{"level":"info","message":"Auth service running on 5000","timestamp":"2025-08-01T05:40:16.940Z"}
{"code":"22P02","file":"enum.c","length":134,"level":"error","line":"128","message":"Error at registerUser with OAuth:\n invalid input value for enum auth_enum: \"OAUTH\"","name":"error","routine":"enum_in","severity":"ERROR","stack":"error: invalid input value for enum auth_enum: \"OAUTH\"\n    at C:\\Code\\RealTime_Personal_Finance_Dashboard\\server\\auth-service\\node_modules\\pg-pool\\index.js:45:11\n    at process.processTicksAndRejections (node:internal/process/task_queues:105:5)\n    at async registerUserWithOAuth (file:///C:/Code/RealTime_Personal_Finance_Dashboard/server/auth-service/src/controllers/authController.js:85:13)","timestamp":"2025-08-01T05:46:52.044Z","where":"unnamed portal parameter $3 = '...'"}
{"level":"info","message":"Auth service running on 5000","timestamp":"2025-08-01T05:49:06.032Z"}
{"level":"info","message":"Auth service running on 5000","timestamp":"2025-08-01T05:49:52.466Z"}
{"level":"info","message":"Auth service running on 5000","timestamp":"2025-08-01T05:50:03.153Z"}
{"level":"info","message":"Auth service running on 5000","timestamp":"2025-08-01T05:50:28.497Z"}
{"level":"info","message":"Auth service running on 5000","timestamp":"2025-08-01T05:50:52.801Z"}
{"level":"info","message":"Auth service running on 5000","timestamp":"2025-08-01T05:51:07.121Z"}
{"level":"info","message":"Auth service running on 5000","timestamp":"2025-08-01T05:51:23.005Z"}
{"level":"info","message":"Auth service running on 5000","timestamp":"2025-08-01T05:51:34.004Z"}
{"level":"info","message":"Auth service running on 5000","timestamp":"2025-08-01T05:52:01.156Z"}
{"level":"info","message":"Auth service running on 5000","timestamp":"2025-08-01T05:52:06.550Z"}
{"level":"info","message":"Auth service running on 5000","timestamp":"2025-08-01T05:52:27.585Z"}
{"level":"info","message":"Auth service running on 5000","timestamp":"2025-08-01T05:52:54.115Z"}
{"level":"info","message":"Auth service running on 5000","timestamp":"2025-08-01T05:56:45.970Z"}
{"level":"info","message":"Auth service running on 5000","timestamp":"2025-08-01T05:58:46.592Z"}
{"level":"info","message":"Auth service running on 5000","timestamp":"2025-08-01T05:59:43.209Z"}
{"level":"info","message":"Auth service running on 5000","timestamp":"2025-08-01T05:59:48.650Z"}
{"level":"info","message":"Auth service running on 5000","timestamp":"2025-08-01T06:01:42.107Z"}
{"level":"info","message":"Auth service running on 5000","timestamp":"2025-08-01T06:03:25.951Z"}
{"level":"info","message":"Auth service running on 5000","timestamp":"2025-08-01T06:04:02.257Z"}
{"level":"info","message":"Auth service running on 5000","timestamp":"2025-08-01T06:05:16.746Z"}
{"level":"info","message":"Auth service running on 5000","timestamp":"2025-08-01T06:06:04.258Z"}
{"level":"info","message":"Auth service running on 5000","timestamp":"2025-08-01T06:06:28.342Z"}
{"level":"info","message":"Auth service running on 5000","timestamp":"2025-08-01T06:06:40.711Z"}
{"level":"info","message":"Auth service running on 5000","timestamp":"2025-08-01T07:32:22.760Z"}
{"level":"info","message":"Auth service running on 5000","timestamp":"2025-08-01T08:31:52.012Z"}
{"code":"22P02","file":"enum.c","length":134,"level":"error","line":"128","message":"Error at registerUser with OAuth:\n invalid input value for enum auth_enum: \"OAUTH\"","name":"error","routine":"enum_in","severity":"ERROR","stack":"error: invalid input value for enum auth_enum: \"OAUTH\"\n    at C:\\Code\\RealTime_Personal_Finance_Dashboard\\server\\auth-service\\node_modules\\pg-pool\\index.js:45:11\n    at process.processTicksAndRejections (node:internal/process/task_queues:105:5)\n    at async registerUserWithOAuth (file:///C:/Code/RealTime_Personal_Finance_Dashboard/server/auth-service/src/controllers/authController.js:97:13)","timestamp":"2025-08-01T09:55:26.627Z","where":"unnamed portal parameter $3 = '...'"}
{"code":"22P02","file":"enum.c","length":134,"level":"error","line":"128","message":"Error at registerUser with OAuth:\n invalid input value for enum auth_enum: \"OAUTH\"","name":"error","routine":"enum_in","severity":"ERROR","stack":"error: invalid input value for enum auth_enum: \"OAUTH\"\n    at C:\\Code\\RealTime_Personal_Finance_Dashboard\\server\\auth-service\\node_modules\\pg-pool\\index.js:45:11\n    at process.processTicksAndRejections (node:internal/process/task_queues:105:5)\n    at async registerUserWithOAuth (file:///C:/Code/RealTime_Personal_Finance_Dashboard/server/auth-service/src/controllers/authController.js:97:13)","timestamp":"2025-08-01T09:55:46.930Z","where":"unnamed portal parameter $3 = '...'"}
{"level":"info","message":"Auth service running on 5000","timestamp":"2025-08-01T10:00:58.697Z"}
{"level":"info","message":"Auth service running on 5000","timestamp":"2025-08-01T10:02:31.061Z"}
{"level":"info","message":"Auth service running on 5000","timestamp":"2025-08-01T10:03:31.937Z"}
{"level":"info","message":"Auth service running on 5000","timestamp":"2025-08-01T10:04:10.237Z"}
{"level":"info","message":"Auth service running on 5000","timestamp":"2025-08-01T10:04:34.398Z"}
{"level":"info","message":"Auth service running on 5000","timestamp":"2025-08-01T10:05:59.973Z"}
{"level":"info","message":"Auth service running on 5000","timestamp":"2025-08-01T10:07:23.082Z"}
{"level":"info","message":"Auth service running on 5000","timestamp":"2025-08-01T10:07:33.515Z"}
{"level":"error","message":"Error caught at Login step:\n data and hash arguments required","stack":"Error: data and hash arguments required\n    at Object.compare (C:\\Code\\RealTime_Personal_Finance_Dashboard\\server\\auth-service\\node_modules\\bcrypt\\bcrypt.js:204:17)\n    at C:\\Code\\RealTime_Personal_Finance_Dashboard\\server\\auth-service\\node_modules\\bcrypt\\promises.js:26:12\n    at new Promise (<anonymous>)\n    at Object.promise (C:\\Code\\RealTime_Personal_Finance_Dashboard\\server\\auth-service\\node_modules\\bcrypt\\promises.js:17:12)\n    at Object.compare (C:\\Code\\RealTime_Personal_Finance_Dashboard\\server\\auth-service\\node_modules\\bcrypt\\bcrypt.js:200:25)\n    at loginUser (file:///C:/Code/RealTime_Personal_Finance_Dashboard/server/auth-service/src/controllers/authController.js:64:46)\n    at process.processTicksAndRejections (node:internal/process/task_queues:105:5)","timestamp":"2025-08-01T10:42:42.321Z"}
{"level":"error","message":"Error caught at Login step:\n data and hash arguments required","stack":"Error: data and hash arguments required\n    at Object.compare (C:\\Code\\RealTime_Personal_Finance_Dashboard\\server\\auth-service\\node_modules\\bcrypt\\bcrypt.js:204:17)\n    at C:\\Code\\RealTime_Personal_Finance_Dashboard\\server\\auth-service\\node_modules\\bcrypt\\promises.js:26:12\n    at new Promise (<anonymous>)\n    at Object.promise (C:\\Code\\RealTime_Personal_Finance_Dashboard\\server\\auth-service\\node_modules\\bcrypt\\promises.js:17:12)\n    at Object.compare (C:\\Code\\RealTime_Personal_Finance_Dashboard\\server\\auth-service\\node_modules\\bcrypt\\bcrypt.js:200:25)\n    at loginUser (file:///C:/Code/RealTime_Personal_Finance_Dashboard/server/auth-service/src/controllers/authController.js:64:46)\n    at process.processTicksAndRejections (node:internal/process/task_queues:105:5)","timestamp":"2025-08-01T10:44:57.453Z"}
{"level":"info","message":"Auth service running on 5000","timestamp":"2025-08-01T10:45:19.548Z"}
{"level":"error","message":"Error caught at Login step:\n data and hash arguments required","stack":"Error: data and hash arguments required\n    at Object.compare (C:\\Code\\RealTime_Personal_Finance_Dashboard\\server\\auth-service\\node_modules\\bcrypt\\bcrypt.js:204:17)\n    at C:\\Code\\RealTime_Personal_Finance_Dashboard\\server\\auth-service\\node_modules\\bcrypt\\promises.js:26:12\n    at new Promise (<anonymous>)\n    at Object.promise (C:\\Code\\RealTime_Personal_Finance_Dashboard\\server\\auth-service\\node_modules\\bcrypt\\promises.js:17:12)\n    at Object.compare (C:\\Code\\RealTime_Personal_Finance_Dashboard\\server\\auth-service\\node_modules\\bcrypt\\bcrypt.js:200:25)\n    at loginUser (file:///C:/Code/RealTime_Personal_Finance_Dashboard/server/auth-service/src/controllers/authController.js:64:46)\n    at process.processTicksAndRejections (node:internal/process/task_queues:105:5)","timestamp":"2025-08-01T10:45:34.151Z"}
{"level":"info","message":"Auth service running on 5000","timestamp":"2025-08-01T10:46:40.588Z"}
{"level":"error","message":"Error caught at Login step:\n data and hash arguments required","stack":"Error: data and hash arguments required\n    at Object.compare (C:\\Code\\RealTime_Personal_Finance_Dashboard\\server\\auth-service\\node_modules\\bcrypt\\bcrypt.js:204:17)\n    at C:\\Code\\RealTime_Personal_Finance_Dashboard\\server\\auth-service\\node_modules\\bcrypt\\promises.js:26:12\n    at new Promise (<anonymous>)\n    at Object.promise (C:\\Code\\RealTime_Personal_Finance_Dashboard\\server\\auth-service\\node_modules\\bcrypt\\promises.js:17:12)\n    at Object.compare (C:\\Code\\RealTime_Personal_Finance_Dashboard\\server\\auth-service\\node_modules\\bcrypt\\bcrypt.js:200:25)\n    at loginUser (file:///C:/Code/RealTime_Personal_Finance_Dashboard/server/auth-service/src/controllers/authController.js:64:46)\n    at process.processTicksAndRejections (node:internal/process/task_queues:105:5)","timestamp":"2025-08-01T10:46:54.956Z"}
{"level":"info","message":"Auth service running on 5000","timestamp":"2025-08-01T10:48:53.750Z"}
{"level":"error","message":"Error caught at Login step:\n data and hash arguments required","stack":"Error: data and hash arguments required\n    at Object.compare (C:\\Code\\RealTime_Personal_Finance_Dashboard\\server\\auth-service\\node_modules\\bcrypt\\bcrypt.js:204:17)\n    at C:\\Code\\RealTime_Personal_Finance_Dashboard\\server\\auth-service\\node_modules\\bcrypt\\promises.js:26:12\n    at new Promise (<anonymous>)\n    at Object.promise (C:\\Code\\RealTime_Personal_Finance_Dashboard\\server\\auth-service\\node_modules\\bcrypt\\promises.js:17:12)\n    at Object.compare (C:\\Code\\RealTime_Personal_Finance_Dashboard\\server\\auth-service\\node_modules\\bcrypt\\bcrypt.js:200:25)\n    at loginUser (file:///C:/Code/RealTime_Personal_Finance_Dashboard/server/auth-service/src/controllers/authController.js:65:46)\n    at process.processTicksAndRejections (node:internal/process/task_queues:105:5)","timestamp":"2025-08-01T10:49:30.963Z"}
{"level":"info","message":"Auth service running on 5000","timestamp":"2025-08-01T10:49:59.730Z"}
{"level":"error","message":"Error caught at Login step:\n data and hash arguments required","stack":"Error: data and hash arguments required\n    at Object.compare (C:\\Code\\RealTime_Personal_Finance_Dashboard\\server\\auth-service\\node_modules\\bcrypt\\bcrypt.js:204:17)\n    at C:\\Code\\RealTime_Personal_Finance_Dashboard\\server\\auth-service\\node_modules\\bcrypt\\promises.js:26:12\n    at new Promise (<anonymous>)\n    at Object.promise (C:\\Code\\RealTime_Personal_Finance_Dashboard\\server\\auth-service\\node_modules\\bcrypt\\promises.js:17:12)\n    at Object.compare (C:\\Code\\RealTime_Personal_Finance_Dashboard\\server\\auth-service\\node_modules\\bcrypt\\bcrypt.js:200:25)\n    at loginUser (file:///C:/Code/RealTime_Personal_Finance_Dashboard/server/auth-service/src/controllers/authController.js:65:46)\n    at process.processTicksAndRejections (node:internal/process/task_queues:105:5)","timestamp":"2025-08-01T10:50:07.740Z"}
{"level":"info","message":"Auth service running on 5000","timestamp":"2025-08-01T10:51:15.979Z"}
{"level":"info","message":"Auth service running on 5000","timestamp":"2025-08-01T10:51:28.661Z"}
{"level":"error","message":"Error caught at Login step:\n data and hash arguments required","stack":"Error: data and hash arguments required\n    at Object.compare (C:\\Code\\RealTime_Personal_Finance_Dashboard\\server\\auth-service\\node_modules\\bcrypt\\bcrypt.js:204:17)\n    at C:\\Code\\RealTime_Personal_Finance_Dashboard\\server\\auth-service\\node_modules\\bcrypt\\promises.js:26:12\n    at new Promise (<anonymous>)\n    at Object.promise (C:\\Code\\RealTime_Personal_Finance_Dashboard\\server\\auth-service\\node_modules\\bcrypt\\promises.js:17:12)\n    at Object.compare (C:\\Code\\RealTime_Personal_Finance_Dashboard\\server\\auth-service\\node_modules\\bcrypt\\bcrypt.js:200:25)\n    at loginUser (file:///C:/Code/RealTime_Personal_Finance_Dashboard/server/auth-service/src/controllers/authController.js:65:46)\n    at process.processTicksAndRejections (node:internal/process/task_queues:105:5)","timestamp":"2025-08-01T10:51:40.890Z"}
{"level":"info","message":"Auth service running on 5000","timestamp":"2025-08-01T10:52:12.872Z"}
{"level":"info","message":"Auth service running on 5000","timestamp":"2025-08-01T10:52:44.526Z"}
{"level":"info","message":"Auth service running on 5000","timestamp":"2025-08-01T10:53:02.565Z"}
{"code":"ERR_HTTP_HEADERS_SENT","level":"error","message":"Error caught at Login step:\n Cannot set headers after they are sent to the client","stack":"Error [ERR_HTTP_HEADERS_SENT]: Cannot set headers after they are sent to the client\n    at ServerResponse.setHeader (node:_http_outgoing:699:11)\n    at ServerResponse.header (C:\\Code\\RealTime_Personal_Finance_Dashboard\\server\\auth-service\\node_modules\\express\\lib\\response.js:684:10)\n    at ServerResponse.send (C:\\Code\\RealTime_Personal_Finance_Dashboard\\server\\auth-service\\node_modules\\express\\lib\\response.js:161:12)\n    at ServerResponse.json (C:\\Code\\RealTime_Personal_Finance_Dashboard\\server\\auth-service\\node_modules\\express\\lib\\response.js:250:15)\n    at loginUser (file:///C:/Code/RealTime_Personal_Finance_Dashboard/server/auth-service/src/controllers/authController.js:70:25)","timestamp":"2025-08-01T10:53:09.547Z"}
{"level":"info","message":"Auth service running on 5000","timestamp":"2025-08-01T10:53:59.135Z"}
{"level":"info","message":"Auth service running on 5000","timestamp":"2025-08-01T10:55:34.342Z"}
{"level":"info","message":"Auth service running on 5000","timestamp":"2025-08-01T11:06:55.361Z"}
{"level":"info","message":"Auth service running on 5000","timestamp":"2025-08-01T11:20:40.542Z"}
{"level":"info","message":"Auth service running on 5000","timestamp":"2025-08-01T12:04:40.068Z"}
{"level":"info","message":"Auth service running on 5000","timestamp":"2025-08-01T12:18:36.734Z"}
{"level":"info","message":"Auth service running on 5000","timestamp":"2025-08-01T12:19:38.732Z"}
{"level":"info","message":"Auth service running on 5000","timestamp":"2025-08-01T12:20:18.818Z"}
{"level":"info","message":"Auth service running on 5000","timestamp":"2025-08-01T12:20:26.420Z"}
{"level":"info","message":"Auth service running on 5000","timestamp":"2025-08-01T12:22:04.445Z"}
{"level":"info","message":"Auth service running on 5000","timestamp":"2025-08-01T12:22:32.527Z"}
{"level":"info","message":"Auth service running on 5000","timestamp":"2025-08-01T12:22:56.829Z"}
{"level":"info","message":"Auth service running on 5000","timestamp":"2025-08-01T12:23:04.340Z"}
{"level":"info","message":"Auth service running on 5000","timestamp":"2025-08-01T12:23:18.686Z"}
{"level":"info","message":"Auth service running on 5000","timestamp":"2025-08-01T12:23:36.832Z"}
{"level":"info","message":"Auth service running on 5000","timestamp":"2025-08-01T12:23:45.399Z"}
{"level":"info","message":"Auth service running on 5000","timestamp":"2025-08-01T12:24:03.077Z"}
{"level":"info","message":"Auth service running on 5000","timestamp":"2025-08-01T12:24:14.150Z"}
{"level":"info","message":"Auth service running on 5000","timestamp":"2025-08-01T12:24:41.655Z"}
{"level":"info","message":"Auth service running on 5000","timestamp":"2025-08-01T12:24:45.911Z"}
{"level":"info","message":"Auth service running on 5000","timestamp":"2025-08-01T12:25:30.460Z"}
{"level":"info","message":"Auth service running on 5000","timestamp":"2025-08-01T12:25:54.030Z"}
{"level":"info","message":"Auth service running on 5000","timestamp":"2025-08-01T12:26:00.396Z"}
{"level":"error","message":"Error caught at Login step:\n option maxAge is invalid","stack":"TypeError: option maxAge is invalid\n    at Object.serialize (C:\\Code\\RealTime_Personal_Finance_Dashboard\\server\\auth-service\\node_modules\\cookie\\index.js:209:13)\n    at res.cookie (C:\\Code\\RealTime_Personal_Finance_Dashboard\\server\\auth-service\\node_modules\\express\\lib\\response.js:777:36)\n    at loginUser (file:///C:/Code/RealTime_Personal_Finance_Dashboard/server/auth-service/src/controllers/authController.js:79:13)\n    at process.processTicksAndRejections (node:internal/process/task_queues:105:5)","timestamp":"2025-08-01T12:36:20.820Z"}
{"level":"info","message":"Auth service running on 5000","timestamp":"2025-08-01T12:37:17.025Z"}
{"level":"error","message":"Error caught at Login step:\n option maxAge is invalid","stack":"TypeError: option maxAge is invalid\n    at Object.serialize (C:\\Code\\RealTime_Personal_Finance_Dashboard\\server\\auth-service\\node_modules\\cookie\\index.js:209:13)\n    at res.cookie (C:\\Code\\RealTime_Personal_Finance_Dashboard\\server\\auth-service\\node_modules\\express\\lib\\response.js:777:36)\n    at loginUser (file:///C:/Code/RealTime_Personal_Finance_Dashboard/server/auth-service/src/controllers/authController.js:79:13)\n    at process.processTicksAndRejections (node:internal/process/task_queues:105:5)","timestamp":"2025-08-01T12:37:26.830Z"}
{"level":"info","message":"Auth service running on 5000","timestamp":"2025-08-01T12:38:16.683Z"}
{"level":"error","message":"Error caught at Login step:\n option maxAge is invalid","stack":"TypeError: option maxAge is invalid\n    at Object.serialize (C:\\Code\\RealTime_Personal_Finance_Dashboard\\server\\auth-service\\node_modules\\cookie\\index.js:209:13)\n    at res.cookie (C:\\Code\\RealTime_Personal_Finance_Dashboard\\server\\auth-service\\node_modules\\express\\lib\\response.js:777:36)\n    at loginUser (file:///C:/Code/RealTime_Personal_Finance_Dashboard/server/auth-service/src/controllers/authController.js:79:13)\n    at process.processTicksAndRejections (node:internal/process/task_queues:105:5)","timestamp":"2025-08-01T12:38:22.328Z"}
{"level":"info","message":"Auth service running on 5000","timestamp":"2025-08-01T12:40:08.223Z"}
{"level":"info","message":"Auth service running on 5000","timestamp":"2025-08-01T12:41:00.404Z"}
{"level":"info","message":"Auth service running on 5000","timestamp":"2025-08-01T12:41:24.415Z"}
{"level":"info","message":"Auth service running on 5000","timestamp":"2025-08-01T12:42:28.198Z"}
{"level":"info","message":"Auth service running on 5000","timestamp":"2025-08-01T12:44:29.333Z"}
{"level":"info","message":"Auth service running on 5000","timestamp":"2025-08-01T12:45:42.066Z"}
{"level":"info","message":"Auth service running on 5000","timestamp":"2025-08-01T12:46:18.472Z"}
{"level":"info","message":"Auth service running on 5000","timestamp":"2025-08-01T12:46:55.969Z"}
{"level":"info","message":"Auth service running on 5000","timestamp":"2025-08-01T12:57:45.461Z"}
{"level":"info","message":"Auth service running on 5000","timestamp":"2025-08-01T12:58:27.442Z"}
{"level":"info","message":"Auth service running on 5000","timestamp":"2025-08-01T12:58:48.022Z"}
{"level":"info","message":"Auth service running on 5000","timestamp":"2025-08-01T12:59:10.060Z"}
{"level":"info","message":"Auth service running on 5000","timestamp":"2025-08-01T12:59:18.356Z"}
{"level":"info","message":"Auth service running on 5000","timestamp":"2025-08-01T12:59:26.963Z"}
{"level":"info","message":"Auth service running on 5000","timestamp":"2025-08-01T12:59:38.240Z"}
{"level":"info","message":"Auth service running on 5000","timestamp":"2025-08-01T12:59:46.836Z"}
{"level":"info","message":"Auth service running on 5000","timestamp":"2025-08-01T13:00:45.614Z"}
{"level":"info","message":"Auth service running on 5000","timestamp":"2025-08-01T13:01:25.269Z"}
{"level":"info","message":"Auth service running on 5000","timestamp":"2025-08-01T13:01:41.033Z"}
{"level":"info","message":"Auth service running on 5000","timestamp":"2025-08-01T13:01:54.943Z"}
{"level":"info","message":"Auth service running on 5000","timestamp":"2025-08-01T13:02:07.618Z"}
{"level":"info","message":"Auth service running on 5000","timestamp":"2025-08-01T13:02:18.856Z"}
{"level":"info","message":"Auth service running on 5000","timestamp":"2025-08-01T13:02:27.509Z"}
{"level":"info","message":"Auth service running on 5000","timestamp":"2025-08-01T13:03:19.659Z"}
{"level":"info","message":"Auth service running on 5000","timestamp":"2025-08-01T13:03:24.763Z"}
{"level":"info","message":"Auth service running on 5000","timestamp":"2025-08-01T13:03:41.752Z"}
{"level":"info","message":"Auth service running on 5000","timestamp":"2025-08-01T13:04:02.162Z"}
{"level":"info","message":"Auth service running on 5000","timestamp":"2025-08-01T13:04:22.660Z"}
{"level":"info","message":"Auth service running on 5000","timestamp":"2025-08-01T13:04:40.161Z"}
{"level":"info","message":"Auth service running on 5000","timestamp":"2025-08-01T13:05:11.687Z"}
{"level":"info","message":"Auth service running on 5000","timestamp":"2025-08-01T13:05:20.018Z"}
{"level":"info","message":"Auth service running on 5000","timestamp":"2025-08-01T13:05:29.676Z"}
{"level":"info","message":"Auth service running on 5000","timestamp":"2025-08-01T13:05:52.809Z"}
{"level":"info","message":"Auth service running on 5000","timestamp":"2025-08-01T13:06:04.125Z"}
{"level":"info","message":"Auth service running on 5000","timestamp":"2025-08-01T13:06:14.513Z"}
{"level":"info","message":"Auth service running on 5000","timestamp":"2025-08-01T13:06:51.016Z"}
{"level":"info","message":"Auth service running on 5000","timestamp":"2025-08-01T13:06:56.824Z"}
{"level":"info","message":"Auth service running on 5000","timestamp":"2025-08-01T13:07:02.659Z"}
{"level":"error","message":"Error caught at Login step:\n res.cookies is not a function","stack":"TypeError: res.cookies is not a function\n    at setAuthCookie (file:///C:/Code/RealTime_Personal_Finance_Dashboard/server/auth-service/src/utils/cookiesSetter.js:2:9)\n    at loginUser (file:///C:/Code/RealTime_Personal_Finance_Dashboard/server/auth-service/src/controllers/authController.js:91:9)","timestamp":"2025-08-01T13:07:10.577Z"}
{"level":"info","message":"Auth service running on 5000","timestamp":"2025-08-01T13:10:21.041Z"}
{"level":"info","message":"Auth service running on 5000","timestamp":"2025-08-01T13:10:46.948Z"}
{"level":"info","message":"Auth service running on 5000","timestamp":"2025-08-01T13:11:30.315Z"}
{"level":"info","message":"Auth service running on 5000","timestamp":"2025-08-01T13:11:51.008Z"}
{"level":"info","message":"Auth service running on 5000","timestamp":"2025-08-01T13:14:05.499Z"}
{"level":"info","message":"Auth service running on 5000","timestamp":"2025-08-01T13:16:06.376Z"}
{"level":"info","message":"Auth service running on 5000","timestamp":"2025-08-01T13:16:17.218Z"}
{"level":"info","message":"Auth service running on 5000","timestamp":"2025-08-01T13:16:22.514Z"}
{"level":"info","message":"Auth service running on 5000","timestamp":"2025-08-01T13:16:32.421Z"}
{"level":"info","message":"Auth service running on 5000","timestamp":"2025-08-01T13:16:37.674Z"}
{"level":"info","message":"Auth service running on 5000","timestamp":"2025-08-01T13:16:50.590Z"}
{"level":"info","message":"Auth service running on 5000","timestamp":"2025-08-01T13:17:01.430Z"}
{"level":"info","message":"Auth service running on 5000","timestamp":"2025-08-01T13:17:38.343Z"}
{"level":"info","message":"Auth service running on 5000","timestamp":"2025-08-01T13:17:43.291Z"}
{"level":"info","message":"Auth service running on 5000","timestamp":"2025-08-01T13:17:57.407Z"}
{"level":"info","message":"Auth service running on 5000","timestamp":"2025-08-01T13:18:22.144Z"}
{"level":"info","message":"Auth service running on 5000","timestamp":"2025-08-01T13:18:51.940Z"}
{"level":"info","message":"Auth service running on 5000","timestamp":"2025-08-01T13:21:10.220Z"}
{"level":"info","message":"Auth service running on 5000","timestamp":"2025-08-01T13:21:15.617Z"}
{"level":"info","message":"Auth service running on 5000","timestamp":"2025-08-01T13:21:24.518Z"}
{"level":"info","message":"Auth service running on 5000","timestamp":"2025-08-01T13:21:30.230Z"}
{"level":"info","message":"Auth service running on 5000","timestamp":"2025-08-01T13:21:42.771Z"}
{"level":"info","message":"Auth service running on 5000","timestamp":"2025-08-01T13:22:09.845Z"}
{"level":"info","message":"Auth service running on 5000","timestamp":"2025-08-01T13:22:22.225Z"}
{"level":"info","message":"Auth service running on 5000","timestamp":"2025-08-01T13:23:01.685Z"}
{"level":"info","message":"Auth service running on 5000","timestamp":"2025-08-01T13:23:06.181Z"}
{"level":"info","message":"Auth service running on 5000","timestamp":"2025-08-01T13:23:15.971Z"}
{"level":"info","message":"Auth service running on 5000","timestamp":"2025-08-01T13:23:20.821Z"}
{"level":"info","message":"Auth service running on 5000","timestamp":"2025-08-01T13:26:37.429Z"}
{"level":"info","message":"Auth service running on 5000","timestamp":"2025-08-01T13:27:05.991Z"}
{"level":"info","message":"Auth service running on 5000","timestamp":"2025-08-01T13:27:17.472Z"}
{"level":"info","message":"Auth service running on 5000","timestamp":"2025-08-01T13:28:53.512Z"}
{"level":"info","message":"Auth service running on 5000","timestamp":"2025-08-01T13:31:40.849Z"}
{"level":"info","message":"Auth service running on 5000","timestamp":"2025-08-01T13:31:54.349Z"}
{"level":"info","message":"Auth service running on 5000","timestamp":"2025-08-01T13:32:03.243Z"}
{"level":"info","message":"Auth service running on 5000","timestamp":"2025-08-01T13:32:44.986Z"}
{"level":"info","message":"Auth service running on 5000","timestamp":"2025-08-01T13:32:49.649Z"}
{"level":"info","message":"Auth service running on 5000","timestamp":"2025-08-01T14:00:59.482Z"}
{"level":"info","message":"Auth service running on 5000","timestamp":"2025-08-01T14:18:22.007Z"}
{"level":"info","message":"Auth service running on 5000","timestamp":"2025-08-01T14:37:52.248Z"}
{"level":"info","message":"Auth service running on 5000","timestamp":"2025-08-01T14:42:06.170Z"}
{"code":"22P02","file":"enum.c","length":134,"level":"error","line":"128","message":"Error at registerUser with OAuth:\n invalid input value for enum auth_enum: \"OAUTH\"","name":"error","routine":"enum_in","severity":"ERROR","stack":"error: invalid input value for enum auth_enum: \"OAUTH\"\n    at C:\\Code\\RealTime_Personal_Finance_Dashboard\\server\\auth-service\\node_modules\\pg-pool\\index.js:45:11\n    at process.processTicksAndRejections (node:internal/process/task_queues:105:5)\n    at async registerUserWithOAuth (file:///C:/Code/RealTime_Personal_Finance_Dashboard/server/auth-service/src/controllers/authController.js:131:13)","timestamp":"2025-08-01T14:50:47.242Z","where":"unnamed portal parameter $3 = '...'"}
{"level":"info","message":"Auth service running on 5000","timestamp":"2025-08-01T16:51:53.790Z"}
{"level":"info","message":"Auth service running on 5000","timestamp":"2025-08-01T16:56:03.490Z"}
{"level":"info","message":"Auth service running on 5000","timestamp":"2025-08-01T16:56:17.674Z"}
{"level":"info","message":"Auth service running on 5000","timestamp":"2025-08-01T16:56:38.458Z"}
{"level":"info","message":"Auth service running on 5000","timestamp":"2025-08-01T17:09:48.540Z"}
{"level":"info","message":"Auth service running on 5000","timestamp":"2025-08-01T17:16:14.577Z"}
{"level":"info","message":"auth route / Get request hit!","timestamp":"2025-08-01T17:17:14.768Z"}
{"level":"info","message":"Auth-service GET request hit","timestamp":"2025-08-01T18:03:20.775Z"}
{"level":"info","message":"Auth-service GET request hit","timestamp":"2025-08-01T18:03:20.791Z"}
{"level":"info","message":"Auth service running on 5000","timestamp":"2025-08-01T18:22:34.289Z"}
{"level":"info","message":"Auth service running on 5000","timestamp":"2025-08-01T18:22:39.706Z"}
{"level":"info","message":"Auth service running on 5000","timestamp":"2025-08-01T18:24:56.050Z"}
{"level":"info","message":"Auth service running on 5000","timestamp":"2025-08-03T04:00:17.805Z"}
{"level":"info","message":"Auth service running on 5000","timestamp":"2025-08-03T04:06:51.402Z"}
{"level":"info","message":"Auth service running on 5000","timestamp":"2025-08-03T04:07:00.849Z"}
{"level":"info","message":"Auth service running on 5000","timestamp":"2025-08-05T07:45:35.884Z"}
{"level":"info","message":"Auth service running on 5000","timestamp":"2025-08-06T06:04:21.437Z"}
{"level":"info","message":"Auth service running on 5000","timestamp":"2025-08-06T06:22:55.940Z"}
{"level":"info","message":"Auth service running on 5000","timestamp":"2025-08-08T08:27:04.609Z"}
{"level":"info","message":"Auth service running on 5000","timestamp":"2025-08-08T08:27:14.130Z"}
{"level":"info","message":"Auth service running on 5000","timestamp":"2025-08-08T08:27:26.289Z"}
{"level":"info","message":"Auth service running on 5000","timestamp":"2025-08-08T08:27:37.062Z"}
{"level":"info","message":"Auth service running on 5000","timestamp":"2025-08-08T08:28:56.119Z"}
{"code":"22P02","file":"enum.c","length":134,"level":"error","line":"128","message":"Error at registerUser with OAuth:\n invalid input value for enum auth_enum: \"OAUTH\"","name":"error","routine":"enum_in","severity":"ERROR","stack":"error: invalid input value for enum auth_enum: \"OAUTH\"\n    at C:\\Code\\RealTime_Personal_Finance_Dashboard\\server\\auth-service\\node_modules\\pg-pool\\index.js:45:11\n    at process.processTicksAndRejections (node:internal/process/task_queues:105:5)\n    at async registerUserWithOAuth (file:///C:/Code/RealTime_Personal_Finance_Dashboard/server/auth-service/src/controllers/authController.js:129:13)","timestamp":"2025-08-08T08:56:05.790Z","where":"unnamed portal parameter $3 = '...'"}
{"level":"error","message":"Error at registerUser with OAuth:\n Wrong number of segments in token: 234932173375-gos9gguc3qfajie2iv8vid04jme5n0cu.apps.googleusercontent.com","stack":"Error: Wrong number of segments in token: 234932173375-gos9gguc3qfajie2iv8vid04jme5n0cu.apps.googleusercontent.com\n    at OAuth2Client.verifySignedJwtWithCertsAsync (C:\\Code\\RealTime_Personal_Finance_Dashboard\\server\\auth-service\\node_modules\\google-auth-library\\build\\src\\auth\\oauth2client.js:692:19)\n    at OAuth2Client.verifyIdTokenAsync (C:\\Code\\RealTime_Personal_Finance_Dashboard\\server\\auth-service\\node_modules\\google-auth-library\\build\\src\\auth\\oauth2client.js:541:34)\n    at process.processTicksAndRejections (node:internal/process/task_queues:105:5)\n    at async registerUserWithOAuth (file:///C:/Code/RealTime_Personal_Finance_Dashboard/server/auth-service/src/controllers/authController.js:112:24)","timestamp":"2025-08-08T08:58:34.600Z"}
{"code":"22P02","file":"enum.c","length":134,"level":"error","line":"128","message":"Error at registerUser with OAuth:\n invalid input value for enum auth_enum: \"OAUTH\"","name":"error","routine":"enum_in","severity":"ERROR","stack":"error: invalid input value for enum auth_enum: \"OAUTH\"\n    at C:\\Code\\RealTime_Personal_Finance_Dashboard\\server\\auth-service\\node_modules\\pg-pool\\index.js:45:11\n    at process.processTicksAndRejections (node:internal/process/task_queues:105:5)\n    at async registerUserWithOAuth (file:///C:/Code/RealTime_Personal_Finance_Dashboard/server/auth-service/src/controllers/authController.js:129:13)","timestamp":"2025-08-08T09:13:34.905Z","where":"unnamed portal parameter $3 = '...'"}
{"code":"22P02","file":"enum.c","length":134,"level":"error","line":"128","message":"Error at registerUser with OAuth:\n invalid input value for enum auth_enum: \"OAUTH\"","name":"error","routine":"enum_in","severity":"ERROR","stack":"error: invalid input value for enum auth_enum: \"OAUTH\"\n    at C:\\Code\\RealTime_Personal_Finance_Dashboard\\server\\auth-service\\node_modules\\pg-pool\\index.js:45:11\n    at process.processTicksAndRejections (node:internal/process/task_queues:105:5)\n    at async registerUserWithOAuth (file:///C:/Code/RealTime_Personal_Finance_Dashboard/server/auth-service/src/controllers/authController.js:129:13)","timestamp":"2025-08-08T09:27:23.432Z","where":"unnamed portal parameter $3 = '...'"}
{"code":"22P02","file":"enum.c","length":134,"level":"error","line":"128","message":"Error at registerUser with OAuth:\n invalid input value for enum auth_enum: \"OAUTH\"","name":"error","routine":"enum_in","severity":"ERROR","stack":"error: invalid input value for enum auth_enum: \"OAUTH\"\n    at C:\\Code\\RealTime_Personal_Finance_Dashboard\\server\\auth-service\\node_modules\\pg-pool\\index.js:45:11\n    at process.processTicksAndRejections (node:internal/process/task_queues:105:5)\n    at async registerUserWithOAuth (file:///C:/Code/RealTime_Personal_Finance_Dashboard/server/auth-service/src/controllers/authController.js:129:13)","timestamp":"2025-08-08T09:32:41.145Z","where":"unnamed portal parameter $3 = '...'"}
{"code":"22P02","file":"enum.c","length":134,"level":"error","line":"128","message":"Error at registerUser with OAuth:\n invalid input value for enum auth_enum: \"OAUTH\"","name":"error","routine":"enum_in","severity":"ERROR","stack":"error: invalid input value for enum auth_enum: \"OAUTH\"\n    at C:\\Code\\RealTime_Personal_Finance_Dashboard\\server\\auth-service\\node_modules\\pg-pool\\index.js:45:11\n    at process.processTicksAndRejections (node:internal/process/task_queues:105:5)\n    at async registerUserWithOAuth (file:///C:/Code/RealTime_Personal_Finance_Dashboard/server/auth-service/src/controllers/authController.js:129:13)","timestamp":"2025-08-08T09:35:02.268Z","where":"unnamed portal parameter $3 = '...'"}
{"level":"info","message":"Auth service running on 5000","timestamp":"2025-08-14T06:56:09.820Z"}
{"code":"22P02","file":"enum.c","length":134,"level":"error","line":"128","message":"Error at registerUser with OAuth:\n invalid input value for enum auth_enum: \"OAUTH\"","name":"error","routine":"enum_in","severity":"ERROR","stack":"error: invalid input value for enum auth_enum: \"OAUTH\"\n    at C:\\Code\\RealTime_Personal_Finance_Dashboard\\server\\auth-service\\node_modules\\pg-pool\\index.js:45:11\n    at process.processTicksAndRejections (node:internal/process/task_queues:105:5)\n    at async registerUserWithOAuth (file:///C:/Code/RealTime_Personal_Finance_Dashboard/server/auth-service/src/controllers/authController.js:129:13)","timestamp":"2025-08-14T06:59:09.400Z","where":"unnamed portal parameter $3 = '...'"}
{"code":"22P02","file":"enum.c","length":134,"level":"error","line":"128","message":"Error at registerUser with OAuth:\n invalid input value for enum auth_enum: \"OAUTH\"","name":"error","routine":"enum_in","severity":"ERROR","stack":"error: invalid input value for enum auth_enum: \"OAUTH\"\n    at C:\\Code\\RealTime_Personal_Finance_Dashboard\\server\\auth-service\\node_modules\\pg-pool\\index.js:45:11\n    at process.processTicksAndRejections (node:internal/process/task_queues:105:5)\n    at async registerUserWithOAuth (file:///C:/Code/RealTime_Personal_Finance_Dashboard/server/auth-service/src/controllers/authController.js:129:13)","timestamp":"2025-08-14T07:01:59.508Z","where":"unnamed portal parameter $3 = '...'"}
{"code":"22P02","file":"enum.c","length":134,"level":"error","line":"128","message":"Error at registerUser with OAuth:\n invalid input value for enum auth_enum: \"OAUTH\"","name":"error","routine":"enum_in","severity":"ERROR","stack":"error: invalid input value for enum auth_enum: \"OAUTH\"\n    at C:\\Code\\RealTime_Personal_Finance_Dashboard\\server\\auth-service\\node_modules\\pg-pool\\index.js:45:11\n    at process.processTicksAndRejections (node:internal/process/task_queues:105:5)\n    at async registerUserWithOAuth (file:///C:/Code/RealTime_Personal_Finance_Dashboard/server/auth-service/src/controllers/authController.js:129:13)","timestamp":"2025-08-14T07:02:58.248Z","where":"unnamed portal parameter $3 = '...'"}
{"code":"22P02","file":"enum.c","length":134,"level":"error","line":"128","message":"Error at registerUser with OAuth:\n invalid input value for enum auth_enum: \"OAUTH\"","name":"error","routine":"enum_in","severity":"ERROR","stack":"error: invalid input value for enum auth_enum: \"OAUTH\"\n    at C:\\Code\\RealTime_Personal_Finance_Dashboard\\server\\auth-service\\node_modules\\pg-pool\\index.js:45:11\n    at process.processTicksAndRejections (node:internal/process/task_queues:105:5)\n    at async registerUserWithOAuth (file:///C:/Code/RealTime_Personal_Finance_Dashboard/server/auth-service/src/controllers/authController.js:129:13)","timestamp":"2025-08-14T07:03:50.481Z","where":"unnamed portal parameter $3 = '...'"}
{"level":"info","message":"Auth service running on 5000","timestamp":"2025-08-14T07:06:24.497Z"}
{"level":"info","message":"Auth service running on 5000","timestamp":"2025-08-14T07:06:59.004Z"}
{"level":"info","message":"Auth service running on 5000","timestamp":"2025-08-14T07:07:42.071Z"}
{"level":"info","message":"Auth service running on 5000","timestamp":"2025-08-14T07:08:01.298Z"}
{"code":"22P02","file":"enum.c","length":134,"level":"error","line":"128","message":"Error at registerUser with OAuth:\n invalid input value for enum auth_enum: \"OAUTH\"","name":"error","routine":"enum_in","severity":"ERROR","stack":"error: invalid input value for enum auth_enum: \"OAUTH\"\n    at C:\\Code\\RealTime_Personal_Finance_Dashboard\\server\\auth-service\\node_modules\\pg-pool\\index.js:45:11\n    at process.processTicksAndRejections (node:internal/process/task_queues:105:5)\n    at async registerUserWithOAuth (file:///C:/Code/RealTime_Personal_Finance_Dashboard/server/auth-service/src/controllers/authController.js:132:25)","timestamp":"2025-08-14T07:08:10.626Z","where":"unnamed portal parameter $3 = '...'"}
{"level":"info","message":"Auth service running on 5000","timestamp":"2025-08-14T07:10:30.191Z"}
{"level":"info","message":"Auth service running on 5000","timestamp":"2025-08-14T07:10:45.660Z"}
{"code":"22P02","file":"enum.c","length":134,"level":"error","line":"128","message":"Error at registerUser with OAuth:\n invalid input value for enum auth_enum: \"OAUTH\"","name":"error","routine":"enum_in","severity":"ERROR","stack":"error: invalid input value for enum auth_enum: \"OAUTH\"\n    at C:\\Code\\RealTime_Personal_Finance_Dashboard\\server\\auth-service\\node_modules\\pg-pool\\index.js:45:11\n    at process.processTicksAndRejections (node:internal/process/task_queues:105:5)\n    at async registerUserWithOAuth (file:///C:/Code/RealTime_Personal_Finance_Dashboard/server/auth-service/src/controllers/authController.js:132:25)","timestamp":"2025-08-14T07:10:54.137Z","where":"unnamed portal parameter $3 = '...'"}
{"level":"info","message":"Auth service running on 5000","timestamp":"2025-08-14T07:11:26.404Z"}
{"code":"22P02","file":"enum.c","length":134,"level":"error","line":"128","message":"Error at registerUser with OAuth:\n invalid input value for enum auth_enum: \"OAUTH\"","name":"error","routine":"enum_in","severity":"ERROR","stack":"error: invalid input value for enum auth_enum: \"OAUTH\"\n    at C:\\Code\\RealTime_Personal_Finance_Dashboard\\server\\auth-service\\node_modules\\pg-pool\\index.js:45:11\n    at process.processTicksAndRejections (node:internal/process/task_queues:105:5)\n    at async registerUserWithOAuth (file:///C:/Code/RealTime_Personal_Finance_Dashboard/server/auth-service/src/controllers/authController.js:133:25)","timestamp":"2025-08-14T07:11:33.806Z","where":"unnamed portal parameter $3 = '...'"}
{"level":"info","message":"Auth service running on 5000","timestamp":"2025-08-14T07:12:23.483Z"}
{"level":"info","message":"Auth service running on 5000","timestamp":"2025-08-14T07:14:42.083Z"}
{"level":"error","message":"Error at registerUser with OAuth:\n res.json is not a function","stack":"TypeError: res.json is not a function\n    at registerUserWithOAuth (file:///C:/Code/RealTime_Personal_Finance_Dashboard/server/auth-service/src/controllers/authController.js:137:24)\n    at process.processTicksAndRejections (node:internal/process/task_queues:105:5)","timestamp":"2025-08-14T07:14:53.742Z"}
{"level":"info","message":"Auth service running on 5000","timestamp":"2025-08-14T07:16:26.710Z"}
{"level":"info","message":"Auth service running on 5000","timestamp":"2025-08-14T07:17:30.373Z"}
{"level":"info","message":"Auth service running on 5000","timestamp":"2025-08-14T07:21:18.163Z"}
{"level":"info","message":"Auth service running on 5000","timestamp":"2025-08-14T07:22:55.541Z"}
{"level":"info","message":"Auth service running on 5000","timestamp":"2025-08-14T07:32:18.869Z"}
{"level":"info","message":"Auth service running on 5000","timestamp":"2025-08-14T07:34:07.875Z"}
{"level":"info","message":"Auth service running on 5000","timestamp":"2025-08-14T07:34:46.494Z"}
{"level":"info","message":"Auth service running on 5000","timestamp":"2025-08-14T07:34:55.855Z"}
{"level":"info","message":"Auth service running on 5000","timestamp":"2025-08-14T07:35:10.866Z"}
{"level":"info","message":"Auth service running on 5000","timestamp":"2025-08-14T07:35:22.683Z"}
{"level":"info","message":"Auth service running on 5000","timestamp":"2025-08-14T07:36:44.590Z"}
{"level":"info","message":"Auth service running on 5000","timestamp":"2025-08-14T07:36:55.045Z"}
{"level":"info","message":"Auth service running on 5000","timestamp":"2025-08-14T07:37:55.904Z"}
{"level":"info","message":"Auth service running on 5000","timestamp":"2025-08-14T07:38:25.354Z"}
{"level":"info","message":"Auth service running on 5000","timestamp":"2025-08-14T07:38:32.123Z"}
{"level":"info","message":"Auth service running on 5000","timestamp":"2025-08-14T07:39:11.925Z"}
{"level":"info","message":"Auth service running on 5000","timestamp":"2025-08-14T07:39:35.586Z"}
{"level":"info","message":"Auth service running on 5000","timestamp":"2025-08-14T07:41:17.850Z"}
{"level":"info","message":"Auth service running on 5000","timestamp":"2025-08-14T07:42:02.961Z"}
{"level":"info","message":"Auth service running on 5000","timestamp":"2025-08-14T07:43:20.948Z"}
{"level":"info","message":"Auth service running on 5000","timestamp":"2025-08-14T07:43:57.462Z"}
{"level":"info","message":"Auth service running on 5000","timestamp":"2025-08-14T07:48:19.132Z"}
{"level":"info","message":"Auth service running on 5000","timestamp":"2025-08-14T07:50:58.512Z"}
{"level":"error","message":"Error at registerUser with OAuth:\n Cannot use a pool after calling end on the pool","stack":"Error: Cannot use a pool after calling end on the pool\n    at C:\\Code\\RealTime_Personal_Finance_Dashboard\\server\\auth-service\\node_modules\\pg-pool\\index.js:45:11\n    at process.processTicksAndRejections (node:internal/process/task_queues:105:5)\n    at async registerUserWithOAuth (file:///C:/Code/RealTime_Personal_Finance_Dashboard/server/auth-service/src/controllers/authController.js:138:30)","timestamp":"2025-08-14T07:52:41.652Z"}
{"level":"info","message":"Auth service running on 5000","timestamp":"2025-08-14T07:53:49.784Z"}
{"level":"info","message":"Auth service running on 5000","timestamp":"2025-08-14T07:57:33.426Z"}
{"level":"info","message":"Auth service running on 5000","timestamp":"2025-08-14T07:58:01.139Z"}
{"level":"info","message":"Auth service running on 5000","timestamp":"2025-08-14T07:58:26.991Z"}
{"level":"info","message":"Auth service running on 5000","timestamp":"2025-08-14T07:58:43.548Z"}
{"level":"info","message":"Auth service running on 5000","timestamp":"2025-08-14T07:59:40.756Z"}
{"level":"info","message":"Auth service running on 5000","timestamp":"2025-08-14T08:00:01.020Z"}
{"level":"info","message":"Auth service running on 5000","timestamp":"2025-08-14T08:00:22.039Z"}
{"level":"info","message":"Auth service running on 5000","timestamp":"2025-08-14T08:01:26.051Z"}
{"level":"info","message":"Auth service running on 5000","timestamp":"2025-08-14T08:02:06.214Z"}
{"level":"info","message":"Auth service running on 5000","timestamp":"2025-08-14T08:02:17.476Z"}
{"level":"error","message":"Error at registerUser with OAuth:\n email is not defined","stack":"ReferenceError: email is not defined\n    at registerUserWithOAuth (file:///C:/Code/RealTime_Personal_Finance_Dashboard/server/auth-service/src/controllers/authController.js:147:40)\n    at process.processTicksAndRejections (node:internal/process/task_queues:105:5)","timestamp":"2025-08-14T08:02:45.849Z"}
{"level":"error","message":"Error at registerUser with OAuth:\n email is not defined","stack":"ReferenceError: email is not defined\n    at registerUserWithOAuth (file:///C:/Code/RealTime_Personal_Finance_Dashboard/server/auth-service/src/controllers/authController.js:147:40)\n    at process.processTicksAndRejections (node:internal/process/task_queues:105:5)","timestamp":"2025-08-14T08:05:25.901Z"}
{"level":"info","message":"Auth service running on 5000","timestamp":"2025-08-14T08:06:31.933Z"}
{"level":"error","message":"Error at registerUser with OAuth:\n email is not defined","stack":"ReferenceError: email is not defined\n    at registerUserWithOAuth (file:///C:/Code/RealTime_Personal_Finance_Dashboard/server/auth-service/src/controllers/authController.js:147:40)\n    at process.processTicksAndRejections (node:internal/process/task_queues:105:5)","timestamp":"2025-08-14T08:06:55.380Z"}
{"level":"info","message":"Auth service running on 5000","timestamp":"2025-08-14T08:07:49.945Z"}
{"level":"error","message":"Error at registerUser with OAuth:\n jwt is not defined","stack":"ReferenceError: jwt is not defined\n    at tokenSetter (file:///C:/Code/RealTime_Personal_Finance_Dashboard/server/auth-service/src/utils/tokenSetter.js:2:25)\n    at registerUserWithOAuth (file:///C:/Code/RealTime_Personal_Finance_Dashboard/server/auth-service/src/controllers/authController.js:147:28)\n    at process.processTicksAndRejections (node:internal/process/task_queues:105:5)","timestamp":"2025-08-14T08:09:07.811Z"}
{"level":"info","message":"Auth service running on 5000","timestamp":"2025-08-14T08:09:45.040Z"}
{"level":"error","message":"Error at registerUser with OAuth:\n authToken is not defined","stack":"ReferenceError: authToken is not defined\n    at registerUserWithOAuth (file:///C:/Code/RealTime_Personal_Finance_Dashboard/server/auth-service/src/controllers/authController.js:150:63)\n    at process.processTicksAndRejections (node:internal/process/task_queues:105:5)","timestamp":"2025-08-14T08:10:03.085Z"}
{"level":"info","message":"Auth service running on 5000","timestamp":"2025-08-14T08:11:23.797Z"}
{"level":"info","message":"Auth service running on 5000","timestamp":"2025-08-14T08:11:50.151Z"}
{"level":"info","message":"Auth service running on 5000","timestamp":"2025-08-14T08:12:28.366Z"}
{"level":"info","message":"Auth service running on 5000","timestamp":"2025-08-14T08:12:54.316Z"}
{"level":"error","message":"Error at registerUser with OAuth:\n authToken is not defined","stack":"ReferenceError: authToken is not defined\n    at registerUserWithOAuth (file:///C:/Code/RealTime_Personal_Finance_Dashboard/server/auth-service/src/controllers/authController.js:150:63)\n    at process.processTicksAndRejections (node:internal/process/task_queues:105:5)","timestamp":"2025-08-14T08:13:05.945Z"}
{"level":"info","message":"Auth service running on 5000","timestamp":"2025-08-14T08:13:48.856Z"}
{"level":"info","message":"Auth service running on 5000","timestamp":"2025-08-14T08:14:21.591Z"}
{"level":"info","message":"Auth service running on 5000","timestamp":"2025-08-14T08:14:56.346Z"}
{"level":"info","message":"Auth service running on 5000","timestamp":"2025-08-14T14:13:08.991Z"}
{"level":"info","message":"Auth service running on 5000","timestamp":"2025-08-14T14:23:25.342Z"}
{"level":"info","message":"Auth service running on 5000","timestamp":"2025-08-14T14:24:29.882Z"}
{"level":"info","message":"Auth service running on 5000","timestamp":"2025-08-14T14:31:31.304Z"}
{"level":"info","message":"Auth service running on 5000","timestamp":"2025-08-14T14:32:33.046Z"}
{"level":"info","message":"Auth service running on 5000","timestamp":"2025-08-14T14:36:54.357Z"}
{"level":"info","message":"Auth service running on 5000","timestamp":"2025-08-14T14:48:17.485Z"}
{"level":"info","message":"Auth service running on 5000","timestamp":"2025-08-14T18:54:20.193Z"}
{"level":"info","message":"Auth service running on 5000","timestamp":"2025-08-14T18:55:34.500Z"}
{"level":"info","message":"Auth service running on 5000","timestamp":"2025-08-14T18:56:00.163Z"}
{"level":"info","message":"Auth service running on 5000","timestamp":"2025-08-14T18:56:11.019Z"}
{"level":"info","message":"Auth service running on 5000","timestamp":"2025-08-14T18:56:16.646Z"}
{"level":"info","message":"Auth service running on 5000","timestamp":"2025-08-14T18:58:24.925Z"}
{"level":"error","message":"Error caught at Login step:\n id is not defined","stack":"ReferenceError: id is not defined\n    at loginUser (file:///C:/Code/RealTime_Personal_Finance_Dashboard/server/auth-service/src/controllers/authController.js:106:46)","timestamp":"2025-08-14T18:58:31.662Z"}
{"level":"error","message":"Error caught at Login step:\n Cannot use a pool after calling end on the pool","stack":"Error: Cannot use a pool after calling end on the pool\n    at C:\\Code\\RealTime_Personal_Finance_Dashboard\\server\\auth-service\\node_modules\\pg-pool\\index.js:45:11\n    at process.processTicksAndRejections (node:internal/process/task_queues:105:5)\n    at async loginUser (file:///C:/Code/RealTime_Personal_Finance_Dashboard/server/auth-service/src/controllers/authController.js:92:24)","timestamp":"2025-08-14T18:58:34.805Z"}
{"level":"info","message":"Auth service running on 5000","timestamp":"2025-08-14T18:58:51.094Z"}
{"level":"info","message":"Auth service running on 5000","timestamp":"2025-08-14T18:59:00.342Z"}
{"level":"error","message":"Error caught at Login step:\n Cannot use a pool after calling end on the pool","stack":"Error: Cannot use a pool after calling end on the pool\n    at C:\\Code\\RealTime_Personal_Finance_Dashboard\\server\\auth-service\\node_modules\\pg-pool\\index.js:45:11\n    at process.processTicksAndRejections (node:internal/process/task_queues:105:5)\n    at async loginUser (file:///C:/Code/RealTime_Personal_Finance_Dashboard/server/auth-service/src/controllers/authController.js:92:24)","timestamp":"2025-08-14T19:18:12.593Z"}
{"level":"info","message":"Auth service running on 5000","timestamp":"2025-08-14T19:18:49.888Z"}
{"level":"info","message":"Auth service running on 5000","timestamp":"2025-08-14T19:42:37.486Z"}
{"level":"info","message":"Auth service running on 5000","timestamp":"2025-08-14T19:43:00.083Z"}
{"level":"info","message":"Auth service running on 5000","timestamp":"2025-08-14T19:44:10.177Z"}
{"level":"info","message":"Auth service running on 5000","timestamp":"2025-08-14T19:44:51.763Z"}
{"level":"info","message":"Auth service running on 5000","timestamp":"2025-08-14T19:45:24.214Z"}
{"level":"info","message":"Auth service running on 5000","timestamp":"2025-08-14T19:45:52.021Z"}
{"level":"info","message":"Auth service running on 5000","timestamp":"2025-08-14T19:46:14.937Z"}
{"level":"info","message":"Auth service running on 5000","timestamp":"2025-08-14T19:49:22.054Z"}
