{"level":"info","message":"Auth service running on 5000","timestamp":"2026-02-08T04:47:26.509Z"}
{"level":"warn","message":"⚠️ Firebase Admin SDK not initialized (this is OK for testing):","timestamp":"2026-02-08T04:47:26.662Z"}
{"level":"warn","message":"📝 To enable FCM notifications, download service account from Firebase Console","timestamp":"2026-02-08T04:47:26.663Z"}
{"level":"warn","message":"   and save it as: expensetracker-2759d-firebase-adminsdk-fbsvc-2e5908a05a.json","timestamp":"2026-02-08T04:47:26.663Z"}
{"level":"info","message":"Firebase Admin SDK initialized","timestamp":"2026-02-08T04:47:26.664Z"}
{"level":"info","message":"Auth service running on 5000","timestamp":"2026-02-08T04:54:04.404Z"}
{"level":"warn","message":"⚠️ Firebase Admin SDK not initialized (this is OK for testing):","timestamp":"2026-02-08T04:54:04.532Z"}
{"level":"warn","message":"📝 To enable FCM notifications, download service account from Firebase Console","timestamp":"2026-02-08T04:54:04.535Z"}
{"level":"warn","message":"   and save it as: expensetracker-2759d-firebase-adminsdk-fbsvc-2e5908a05a.json","timestamp":"2026-02-08T04:54:04.536Z"}
{"level":"info","message":"Firebase Admin SDK initialized","timestamp":"2026-02-08T04:54:04.537Z"}
{"level":"info","message":"Auth service running on 5000","timestamp":"2026-02-08T04:54:13.461Z"}
{"level":"warn","message":"⚠️ Firebase Admin SDK not initialized (this is OK for testing):","timestamp":"2026-02-08T04:54:13.569Z"}
{"level":"warn","message":"📝 To enable FCM notifications, download service account from Firebase Console","timestamp":"2026-02-08T04:54:13.571Z"}
{"level":"warn","message":"   and save it as: expensetracker-2759d-firebase-adminsdk-fbsvc-2e5908a05a.json","timestamp":"2026-02-08T04:54:13.571Z"}
{"level":"info","message":"Firebase Admin SDK initialized","timestamp":"2026-02-08T04:54:13.572Z"}
{"level":"info","message":"Auth service running on 5000","timestamp":"2026-02-08T04:54:33.734Z"}
{"level":"warn","message":"⚠️ Firebase Admin SDK not initialized (this is OK for testing):","timestamp":"2026-02-08T04:54:33.834Z"}
{"level":"warn","message":"📝 To enable FCM notifications, download service account from Firebase Console","timestamp":"2026-02-08T04:54:33.835Z"}
{"level":"warn","message":"   and save it as: expensetracker-2759d-firebase-adminsdk-fbsvc-2e5908a05a.json","timestamp":"2026-02-08T04:54:33.836Z"}
{"level":"info","message":"Firebase Admin SDK initialized","timestamp":"2026-02-08T04:54:33.837Z"}
{"level":"info","message":"Auth service running on 5000","timestamp":"2026-02-08T04:54:46.299Z"}
{"level":"warn","message":"⚠️ Firebase Admin SDK not initialized (this is OK for testing):","timestamp":"2026-02-08T04:54:46.410Z"}
{"level":"warn","message":"📝 To enable FCM notifications, download service account from Firebase Console","timestamp":"2026-02-08T04:54:46.411Z"}
{"level":"warn","message":"   and save it as: expensetracker-2759d-firebase-adminsdk-fbsvc-2e5908a05a.json","timestamp":"2026-02-08T04:54:46.412Z"}
{"level":"info","message":"Firebase Admin SDK initialized","timestamp":"2026-02-08T04:54:46.413Z"}
{"level":"info","message":"Auth service running on 5000","timestamp":"2026-02-08T04:55:05.374Z"}
{"level":"warn","message":"⚠️ Firebase Admin SDK not initialized (this is OK for testing):","timestamp":"2026-02-08T04:55:05.503Z"}
{"level":"warn","message":"📝 To enable FCM notifications, download service account from Firebase Console","timestamp":"2026-02-08T04:55:05.504Z"}
{"level":"warn","message":"   and save it as: expensetracker-2759d-firebase-adminsdk-fbsvc-2e5908a05a.json","timestamp":"2026-02-08T04:55:05.505Z"}
{"level":"info","message":"Firebase Admin SDK initialized","timestamp":"2026-02-08T04:55:05.506Z"}
{"level":"info","message":"Auth service running on 5000","timestamp":"2026-02-08T04:55:17.350Z"}
{"level":"warn","message":"⚠️ Firebase Admin SDK not initialized (this is OK for testing):","timestamp":"2026-02-08T04:55:17.482Z"}
{"level":"warn","message":"📝 To enable FCM notifications, download service account from Firebase Console","timestamp":"2026-02-08T04:55:17.483Z"}
{"level":"warn","message":"   and save it as: expensetracker-2759d-firebase-adminsdk-fbsvc-2e5908a05a.json","timestamp":"2026-02-08T04:55:17.483Z"}
{"level":"info","message":"Firebase Admin SDK initialized","timestamp":"2026-02-08T04:55:17.484Z"}
{"level":"info","message":"Auth service running on 5000","timestamp":"2026-02-08T04:55:27.483Z"}
{"level":"warn","message":"⚠️ Firebase Admin SDK not initialized (this is OK for testing):","timestamp":"2026-02-08T04:55:27.589Z"}
{"level":"warn","message":"📝 To enable FCM notifications, download service account from Firebase Console","timestamp":"2026-02-08T04:55:27.590Z"}
{"level":"warn","message":"   and save it as: expensetracker-2759d-firebase-adminsdk-fbsvc-2e5908a05a.json","timestamp":"2026-02-08T04:55:27.591Z"}
{"level":"info","message":"Firebase Admin SDK initialized","timestamp":"2026-02-08T04:55:27.593Z"}
{"level":"info","message":"Auth service running on 5000","timestamp":"2026-02-08T04:55:44.232Z"}
{"level":"warn","message":"⚠️ Firebase Admin SDK not initialized (this is OK for testing):","timestamp":"2026-02-08T04:55:44.326Z"}
{"level":"warn","message":"📝 To enable FCM notifications, download service account from Firebase Console","timestamp":"2026-02-08T04:55:44.327Z"}
{"level":"warn","message":"   and save it as: expensetracker-2759d-firebase-adminsdk-fbsvc-2e5908a05a.json","timestamp":"2026-02-08T04:55:44.327Z"}
{"level":"info","message":"Firebase Admin SDK initialized","timestamp":"2026-02-08T04:55:44.329Z"}
{"level":"info","message":"Auth service running on 5000","timestamp":"2026-02-08T04:55:58.765Z"}
{"level":"warn","message":"⚠️ Firebase Admin SDK not initialized (this is OK for testing):","timestamp":"2026-02-08T04:55:58.883Z"}
{"level":"warn","message":"📝 To enable FCM notifications, download service account from Firebase Console","timestamp":"2026-02-08T04:55:58.884Z"}
{"level":"warn","message":"   and save it as: expensetracker-2759d-firebase-adminsdk-fbsvc-2e5908a05a.json","timestamp":"2026-02-08T04:55:58.884Z"}
{"level":"info","message":"Firebase Admin SDK initialized","timestamp":"2026-02-08T04:55:58.885Z"}
{"level":"info","message":"Auth service running on 5000","timestamp":"2026-02-08T04:56:03.850Z"}
{"level":"warn","message":"⚠️ Firebase Admin SDK not initialized (this is OK for testing):","timestamp":"2026-02-08T04:56:03.937Z"}
{"level":"warn","message":"📝 To enable FCM notifications, download service account from Firebase Console","timestamp":"2026-02-08T04:56:03.938Z"}
{"level":"warn","message":"   and save it as: expensetracker-2759d-firebase-adminsdk-fbsvc-2e5908a05a.json","timestamp":"2026-02-08T04:56:03.939Z"}
{"level":"info","message":"Firebase Admin SDK initialized","timestamp":"2026-02-08T04:56:03.939Z"}
{"level":"info","message":"Auth service running on 5000","timestamp":"2026-02-08T04:56:19.754Z"}
{"level":"warn","message":"⚠️ Firebase Admin SDK not initialized (this is OK for testing):","timestamp":"2026-02-08T04:56:19.870Z"}
{"level":"warn","message":"📝 To enable FCM notifications, download service account from Firebase Console","timestamp":"2026-02-08T04:56:19.871Z"}
{"level":"warn","message":"   and save it as: expensetracker-2759d-firebase-adminsdk-fbsvc-2e5908a05a.json","timestamp":"2026-02-08T04:56:19.872Z"}
{"level":"info","message":"Firebase Admin SDK initialized","timestamp":"2026-02-08T04:56:19.873Z"}
{"level":"info","message":"Auth service running on 5000","timestamp":"2026-02-08T04:56:39.891Z"}
{"level":"warn","message":"⚠️ Firebase Admin SDK not initialized (this is OK for testing):","timestamp":"2026-02-08T04:56:39.989Z"}
{"level":"warn","message":"📝 To enable FCM notifications, download service account from Firebase Console","timestamp":"2026-02-08T04:56:39.990Z"}
{"level":"warn","message":"   and save it as: expensetracker-2759d-firebase-adminsdk-fbsvc-2e5908a05a.json","timestamp":"2026-02-08T04:56:39.991Z"}
{"level":"info","message":"Firebase Admin SDK initialized","timestamp":"2026-02-08T04:56:39.993Z"}
{"level":"info","message":"Auth service running on 5000","timestamp":"2026-02-08T04:56:47.924Z"}
{"level":"warn","message":"⚠️ Firebase Admin SDK not initialized (this is OK for testing):","timestamp":"2026-02-08T04:56:48.045Z"}
{"level":"warn","message":"📝 To enable FCM notifications, download service account from Firebase Console","timestamp":"2026-02-08T04:56:48.046Z"}
{"level":"warn","message":"   and save it as: expensetracker-2759d-firebase-adminsdk-fbsvc-2e5908a05a.json","timestamp":"2026-02-08T04:56:48.047Z"}
{"level":"info","message":"Firebase Admin SDK initialized","timestamp":"2026-02-08T04:56:48.047Z"}
{"level":"info","message":"Auth service running on 5000","timestamp":"2026-02-08T04:57:08.998Z"}
{"level":"warn","message":"⚠️ Firebase Admin SDK not initialized (this is OK for testing):","timestamp":"2026-02-08T04:57:09.118Z"}
{"level":"warn","message":"📝 To enable FCM notifications, download service account from Firebase Console","timestamp":"2026-02-08T04:57:09.119Z"}
{"level":"warn","message":"   and save it as: expensetracker-2759d-firebase-adminsdk-fbsvc-2e5908a05a.json","timestamp":"2026-02-08T04:57:09.120Z"}
{"level":"info","message":"Firebase Admin SDK initialized","timestamp":"2026-02-08T04:57:09.121Z"}
{"level":"info","message":"Auth service running on 5000","timestamp":"2026-02-08T04:57:21.786Z"}
{"level":"warn","message":"⚠️ Firebase Admin SDK not initialized (this is OK for testing):","timestamp":"2026-02-08T04:57:21.892Z"}
{"level":"warn","message":"📝 To enable FCM notifications, download service account from Firebase Console","timestamp":"2026-02-08T04:57:21.893Z"}
{"level":"warn","message":"   and save it as: expensetracker-2759d-firebase-adminsdk-fbsvc-2e5908a05a.json","timestamp":"2026-02-08T04:57:21.894Z"}
{"level":"info","message":"Firebase Admin SDK initialized","timestamp":"2026-02-08T04:57:21.896Z"}
